d:\정의훈\140\framework\client\default\x64\release\client.pch
d:\정의훈\140\framework\client\default\x64\release\vc140.pdb
d:\정의훈\140\framework\client\default\x64\release\stdafx.obj
d:\정의훈\140\framework\client\default\x64\release\client.obj
d:\정의훈\140\framework\client\default\x64\release\weapon.obj
d:\정의훈\140\framework\client\default\x64\release\terrain.obj
d:\정의훈\140\framework\client\default\x64\release\sky.obj
d:\정의훈\140\framework\client\default\x64\release\player.obj
d:\정의훈\140\framework\client\default\x64\release\partobject.obj
d:\정의훈\140\framework\client\default\x64\release\particle_rect.obj
d:\정의훈\140\framework\client\default\x64\release\particle_point.obj
d:\정의훈\140\framework\client\default\x64\release\body_player.obj
d:\정의훈\140\framework\client\default\x64\release\monster.obj
d:\정의훈\140\framework\client\default\x64\release\mainapp.obj
d:\정의훈\140\framework\client\default\x64\release\loader.obj
d:\정의훈\140\framework\client\default\x64\release\level_logo.obj
d:\정의훈\140\framework\client\default\x64\release\level_gameplay.obj
d:\정의훈\140\framework\client\default\x64\release\landobject.obj
d:\정의훈\140\framework\client\default\x64\release\forklift.obj
d:\정의훈\140\framework\client\default\x64\release\camera_free.obj
d:\정의훈\140\framework\client\default\x64\release\background.obj
d:\정의훈\140\framework\client\default\x64\release\level_loading.obj
d:\정의훈\140\framework\client\bin\shader_vtxanimmesh.cso
d:\정의훈\140\framework\client\bin\shader_vtxcube.cso
d:\정의훈\140\framework\client\bin\shader_vtxmesh.cso
d:\정의훈\140\framework\client\bin\shader_vtxpointinstance.cso
d:\정의훈\140\framework\client\bin\shader_vtxpostex.cso
d:\정의훈\140\framework\client\bin\shader_vtxnortex.cso
d:\정의훈\140\framework\client\bin\shader_vtxrectinstance.cso
d:\정의훈\140\framework\client\bin\client.exe
d:\정의훈\140\framework\client\bin\client.ipdb
d:\정의훈\140\framework\client\bin\client.iobj
d:\정의훈\140\framework\client\bin\client.pdb
d:\정의훈\140\framework\client\default\x64\release\client.res
d:\정의훈\140\framework\client\default\..\bin\client.exe
d:\정의훈\140\framework\client\default\x64\release\client.tlog\cl.command.1.tlog
d:\정의훈\140\framework\client\default\x64\release\client.tlog\cl.read.1.tlog
d:\정의훈\140\framework\client\default\x64\release\client.tlog\cl.write.1.tlog
d:\정의훈\140\framework\client\default\x64\release\client.tlog\client.write.1u.tlog
d:\정의훈\140\framework\client\default\x64\release\client.tlog\fxc.command.1.tlog
d:\정의훈\140\framework\client\default\x64\release\client.tlog\fxc.read.1.tlog
d:\정의훈\140\framework\client\default\x64\release\client.tlog\fxc.write.1.tlog
d:\정의훈\140\framework\client\default\x64\release\client.tlog\link.command.1.tlog
d:\정의훈\140\framework\client\default\x64\release\client.tlog\link.read.1.tlog
d:\정의훈\140\framework\client\default\x64\release\client.tlog\link.write.1.tlog
d:\정의훈\140\framework\client\default\x64\release\client.tlog\rc.command.1.tlog
d:\정의훈\140\framework\client\default\x64\release\client.tlog\rc.read.1.tlog
d:\정의훈\140\framework\client\default\x64\release\client.tlog\rc.write.1.tlog
