d:\정의훈\140\framework\engine\default\x64\release\vc140.pdb
d:\정의훈\140\framework\engine\default\x64\release\graphic_device.obj
d:\정의훈\140\framework\engine\default\x64\release\gameobject.obj
d:\정의훈\140\framework\engine\default\x64\release\gameinstance.obj
d:\정의훈\140\framework\engine\default\x64\release\frustum.obj
d:\정의훈\140\framework\engine\default\x64\release\font_manager.obj
d:\정의훈\140\framework\engine\default\x64\release\debugdraw.obj
d:\정의훈\140\framework\engine\default\x64\release\customfont.obj
d:\정의훈\140\framework\engine\default\x64\release\component_manager.obj
d:\정의훈\140\framework\engine\default\x64\release\component.obj
d:\정의훈\140\framework\engine\default\x64\release\collider.obj
d:\정의훈\140\framework\engine\default\x64\release\channel.obj
d:\정의훈\140\framework\engine\default\x64\release\cell.obj
d:\정의훈\140\framework\engine\default\x64\release\camera.obj
d:\정의훈\140\framework\engine\default\x64\release\bounding_sphere.obj
d:\정의훈\140\framework\engine\default\x64\release\bounding_obb.obj
d:\정의훈\140\framework\engine\default\x64\release\bounding_aabb.obj
d:\정의훈\140\framework\engine\default\x64\release\bounding.obj
d:\정의훈\140\framework\engine\default\x64\release\bone.obj
d:\정의훈\140\framework\engine\default\x64\release\base.obj
d:\정의훈\140\framework\engine\default\x64\release\animation.obj
d:\정의훈\140\framework\engine\default\x64\release\transform.obj
d:\정의훈\140\framework\engine\default\x64\release\timer_manager.obj
d:\정의훈\140\framework\engine\default\x64\release\timer.obj
d:\정의훈\140\framework\engine\default\x64\release\texture.obj
d:\정의훈\140\framework\engine\default\x64\release\target_manager.obj
d:\정의훈\140\framework\engine\default\x64\release\shader.obj
d:\정의훈\140\framework\engine\default\x64\release\rendertarget.obj
d:\정의훈\140\framework\engine\default\x64\release\quadtree.obj
d:\정의훈\140\framework\engine\default\x64\release\pipeline.obj
d:\정의훈\140\framework\engine\default\x64\release\object_manager.obj
d:\정의훈\140\framework\engine\default\x64\release\model.obj
d:\정의훈\140\framework\engine\default\x64\release\mesh.obj
d:\정의훈\140\framework\engine\default\x64\release\light_manager.obj
d:\정의훈\140\framework\engine\default\x64\release\light.obj
d:\정의훈\140\framework\engine\default\x64\release\level_manager.obj
d:\정의훈\140\framework\engine\default\x64\release\level.obj
d:\정의훈\140\framework\engine\default\x64\release\layer.obj
d:\정의훈\140\framework\engine\default\x64\release\input_device.obj
d:\정의훈\140\framework\engine\default\x64\release\engine_sruct.obj
d:\정의훈\140\framework\engine\default\x64\release\vibuffer_terrain.obj
d:\정의훈\140\framework\engine\default\x64\release\vibuffer_rect.obj
d:\정의훈\140\framework\engine\default\x64\release\vibuffer_particle_rect.obj
d:\정의훈\140\framework\engine\default\x64\release\vibuffer_particle_point.obj
d:\정의훈\140\framework\engine\default\x64\release\vibuffer_instancing.obj
d:\정의훈\140\framework\engine\default\x64\release\vibuffer_cube.obj
d:\정의훈\140\framework\engine\default\x64\release\vibuffer_cell.obj
d:\정의훈\140\framework\engine\default\x64\release\vibuffer.obj
d:\정의훈\140\framework\engine\default\x64\release\renderer.obj
d:\정의훈\140\framework\engine\default\x64\release\navigation.obj
d:\정의훈\140\framework\engine\bin\shader_cell.cso
d:\정의훈\140\framework\engine\bin\shader_deferred.cso
d:\정의훈\140\framework\engine\bin\engine.lib
d:\정의훈\140\framework\engine\bin\engine.exp
d:\정의훈\140\framework\engine\bin\engine.dll
d:\정의훈\140\framework\engine\bin\engine.ipdb
d:\정의훈\140\framework\engine\bin\engine.iobj
d:\정의훈\140\framework\engine\bin\engine.pdb
d:\정의훈\140\framework\engine\default\..\bin\engine.dll
d:\정의훈\140\framework\engine\default\x64\release\engine.tlog\cl.command.1.tlog
d:\정의훈\140\framework\engine\default\x64\release\engine.tlog\cl.read.1.tlog
d:\정의훈\140\framework\engine\default\x64\release\engine.tlog\cl.write.1.tlog
d:\정의훈\140\framework\engine\default\x64\release\engine.tlog\engine.write.1u.tlog
d:\정의훈\140\framework\engine\default\x64\release\engine.tlog\fxc.command.1.tlog
d:\정의훈\140\framework\engine\default\x64\release\engine.tlog\fxc.read.1.tlog
d:\정의훈\140\framework\engine\default\x64\release\engine.tlog\fxc.write.1.tlog
d:\정의훈\140\framework\engine\default\x64\release\engine.tlog\link.command.1.tlog
d:\정의훈\140\framework\engine\default\x64\release\engine.tlog\link.read.1.tlog
d:\정의훈\140\framework\engine\default\x64\release\engine.tlog\link.write.1.tlog
