FXC : warning X4717: Effects deprecated for D3DCompiler_47
  
  compilation object save succeeded; see C:\Users\동찬\Desktop\새 폴더\Task\Framework\Client\Bin\Shader_VtxAnimNonMesh.cso
  Body_Player.cpp
  Camera_ThirdPerson.cpp
  Camera_manager.cpp
  ForkLift.cpp
  Level_GamePlay.cpp
  Level_Loading.cpp
  Level_Logo.cpp
  MainApp.cpp
  Monster.cpp
  Particle_Point.cpp
  Particle_Rect.cpp
  Sky.cpp
  Terrain.cpp
  Terrain_Basic.cpp
  Weapon.cpp
  BackGround.cpp
C:\Users\동찬\Desktop\새 폴더\Task\Framework\Reference\Headers\Engine_Struct.h(35,2): warning C5208: typedef 이름에 사용되는 명명되지 않은 클래스가 비정적 데이터 멤버, 멤버 열거형 또는 멤버 클래스 이외의 멤버를 선언할 수 없습니다.
C:\Users\동찬\Desktop\새 폴더\Task\Framework\Reference\Headers\Engine_Struct.h(43,2): warning C5208: typedef 이름에 사용되는 명명되지 않은 클래스가 비정적 데이터 멤버, 멤버 열거형 또는 멤버 클래스 이외의 멤버를 선언할 수 없습니다.
C:\Users\동찬\Desktop\새 폴더\Task\Framework\Reference\Headers\Engine_Struct.h(53,2): warning C5208: typedef 이름에 사용되는 명명되지 않은 클래스가 비정적 데이터 멤버, 멤버 열거형 또는 멤버 클래스 이외의 멤버를 선언할 수 없습니다.
C:\Users\동찬\Desktop\새 폴더\Task\Framework\Reference\Headers\Engine_Struct.h(62,2): warning C5208: typedef 이름에 사용되는 명명되지 않은 클래스가 비정적 데이터 멤버, 멤버 열거형 또는 멤버 클래스 이외의 멤버를 선언할 수 없습니다.
C:\Users\동찬\Desktop\새 폴더\Task\Framework\Reference\Headers\Engine_Struct.h(71,2): warning C5208: typedef 이름에 사용되는 명명되지 않은 클래스가 비정적 데이터 멤버, 멤버 열거형 또는 멤버 클래스 이외의 멤버를 선언할 수 없습니다.
C:\Users\동찬\Desktop\새 폴더\Task\Framework\Reference\Headers\Engine_Struct.h(80,2): warning C5208: typedef 이름에 사용되는 명명되지 않은 클래스가 비정적 데이터 멤버, 멤버 열거형 또는 멤버 클래스 이외의 멤버를 선언할 수 없습니다.
C:\Users\동찬\Desktop\새 폴더\Task\Framework\Reference\Headers\Engine_Struct.h(90,2): warning C5208: typedef 이름에 사용되는 명명되지 않은 클래스가 비정적 데이터 멤버, 멤버 열거형 또는 멤버 클래스 이외의 멤버를 선언할 수 없습니다.
C:\Users\동찬\Desktop\새 폴더\Task\Framework\Reference\Headers\Engine_Struct.h(102,2): warning C5208: typedef 이름에 사용되는 명명되지 않은 클래스가 비정적 데이터 멤버, 멤버 열거형 또는 멤버 클래스 이외의 멤버를 선언할 수 없습니다.
C:\Users\동찬\Desktop\새 폴더\Task\Framework\Reference\Headers\Engine_Struct.h(128,2): warning C5208: typedef 이름에 사용되는 명명되지 않은 클래스가 비정적 데이터 멤버, 멤버 열거형 또는 멤버 클래스 이외의 멤버를 선언할 수 없습니다.
C:\Users\동찬\Desktop\새 폴더\Task\Framework\Reference\Headers\Engine_Struct.h(134,2): warning C5208: typedef 이름에 사용되는 명명되지 않은 클래스가 비정적 데이터 멤버, 멤버 열거형 또는 멤버 클래스 이외의 멤버를 선언할 수 없습니다.
C:\Users\동찬\Desktop\새 폴더\Task\Framework\Reference\Headers\Engine_Struct.h(35,2): warning C5208: typedef 이름에 사용되는 명명되지 않은 클래스가 비정적 데이터 멤버, 멤버 열거형 또는 멤버 클래스 이외의 멤버를 선언할 수 없습니다.
C:\Users\동찬\Desktop\새 폴더\Task\Framework\Reference\Headers\Engine_Struct.h(43,2): warning C5208: typedef 이름에 사용되는 명명되지 않은 클래스가 비정적 데이터 멤버, 멤버 열거형 또는 멤버 클래스 이외의 멤버를 선언할 수 없습니다.
C:\Users\동찬\Desktop\새 폴더\Task\Framework\Reference\Headers\Engine_Struct.h(53,2): warning C5208: typedef 이름에 사용되는 명명되지 않은 클래스가 비정적 데이터 멤버, 멤버 열거형 또는 멤버 클래스 이외의 멤버를 선언할 수 없습니다.
C:\Users\동찬\Desktop\새 폴더\Task\Framework\Reference\Headers\Engine_Struct.h(62,2): warning C5208: typedef 이름에 사용되는 명명되지 않은 클래스가 비정적 데이터 멤버, 멤버 열거형 또는 멤버 클래스 이외의 멤버를 선언할 수 없습니다.
C:\Users\동찬\Desktop\새 폴더\Task\Framework\Reference\Headers\Engine_Struct.h(71,2): warning C5208: typedef 이름에 사용되는 명명되지 않은 클래스가 비정적 데이터 멤버, 멤버 열거형 또는 멤버 클래스 이외의 멤버를 선언할 수 없습니다.
C:\Users\동찬\Desktop\새 폴더\Task\Framework\Reference\Headers\Engine_Struct.h(80,2): warning C5208: typedef 이름에 사용되는 명명되지 않은 클래스가 비정적 데이터 멤버, 멤버 열거형 또는 멤버 클래스 이외의 멤버를 선언할 수 없습니다.
C:\Users\동찬\Desktop\새 폴더\Task\Framework\Reference\Headers\Engine_Struct.h(90,2): warning C5208: typedef 이름에 사용되는 명명되지 않은 클래스가 비정적 데이터 멤버, 멤버 열거형 또는 멤버 클래스 이외의 멤버를 선언할 수 없습니다.
C:\Users\동찬\Desktop\새 폴더\Task\Framework\Reference\Headers\Engine_Struct.h(102,2): warning C5208: typedef 이름에 사용되는 명명되지 않은 클래스가 비정적 데이터 멤버, 멤버 열거형 또는 멤버 클래스 이외의 멤버를 선언할 수 없습니다.
C:\Users\동찬\Desktop\새 폴더\Task\Framework\Reference\Headers\Engine_Struct.h(128,2): warning C5208: typedef 이름에 사용되는 명명되지 않은 클래스가 비정적 데이터 멤버, 멤버 열거형 또는 멤버 클래스 이외의 멤버를 선언할 수 없습니다.
C:\Users\동찬\Desktop\새 폴더\Task\Framework\Reference\Headers\Engine_Struct.h(134,2): warning C5208: typedef 이름에 사용되는 명명되지 않은 클래스가 비정적 데이터 멤버, 멤버 열거형 또는 멤버 클래스 이외의 멤버를 선언할 수 없습니다.
C:\Users\동찬\Desktop\새 폴더\Task\Framework\Reference\Headers\Engine_Struct.h(35,2): warning C5208: typedef 이름에 사용되는 명명되지 않은 클래스가 비정적 데이터 멤버, 멤버 열거형 또는 멤버 클래스 이외의 멤버를 선언할 수 없습니다.
C:\Users\동찬\Desktop\새 폴더\Task\Framework\Reference\Headers\Transform.h(17,2): warning C5208: typedef 이름에 사용되는 명명되지 않은 클래스가 비정적 데이터 멤버, 멤버 열거형 또는 멤버 클래스 이외의 멤버를 선언할 수 없습니다.
C:\Users\동찬\Desktop\새 폴더\Task\Framework\Reference\Headers\Engine_Struct.h(43,2): warning C5208: typedef 이름에 사용되는 명명되지 않은 클래스가 비정적 데이터 멤버, 멤버 열거형 또는 멤버 클래스 이외의 멤버를 선언할 수 없습니다.
C:\Users\동찬\Desktop\새 폴더\Task\Framework\Reference\Headers\Engine_Struct.h(53,2): warning C5208: typedef 이름에 사용되는 명명되지 않은 클래스가 비정적 데이터 멤버, 멤버 열거형 또는 멤버 클래스 이외의 멤버를 선언할 수 없습니다.
C:\Users\동찬\Desktop\새 폴더\Task\Framework\Reference\Headers\Engine_Struct.h(62,2): warning C5208: typedef 이름에 사용되는 명명되지 않은 클래스가 비정적 데이터 멤버, 멤버 열거형 또는 멤버 클래스 이외의 멤버를 선언할 수 없습니다.
C:\Users\동찬\Desktop\새 폴더\Task\Framework\Reference\Headers\Engine_Struct.h(71,2): warning C5208: typedef 이름에 사용되는 명명되지 않은 클래스가 비정적 데이터 멤버, 멤버 열거형 또는 멤버 클래스 이외의 멤버를 선언할 수 없습니다.
C:\Users\동찬\Desktop\새 폴더\Task\Framework\Reference\Headers\Engine_Struct.h(80,2): warning C5208: typedef 이름에 사용되는 명명되지 않은 클래스가 비정적 데이터 멤버, 멤버 열거형 또는 멤버 클래스 이외의 멤버를 선언할 수 없습니다.
C:\Users\동찬\Desktop\새 폴더\Task\Framework\Reference\Headers\Engine_Struct.h(90,2): warning C5208: typedef 이름에 사용되는 명명되지 않은 클래스가 비정적 데이터 멤버, 멤버 열거형 또는 멤버 클래스 이외의 멤버를 선언할 수 없습니다.
C:\Users\동찬\Desktop\새 폴더\Task\Framework\Reference\Headers\Engine_Struct.h(35,2): warning C5208: typedef 이름에 사용되는 명명되지 않은 클래스가 비정적 데이터 멤버, 멤버 열거형 또는 멤버 클래스 이외의 멤버를 선언할 수 없습니다.
C:\Users\동찬\Desktop\새 폴더\Task\Framework\Reference\Headers\Engine_Struct.h(102,2): warning C5208: typedef 이름에 사용되는 명명되지 않은 클래스가 비정적 데이터 멤버, 멤버 열거형 또는 멤버 클래스 이외의 멤버를 선언할 수 없습니다.
C:\Users\동찬\Desktop\새 폴더\Task\Framework\Reference\Headers\Engine_Struct.h(43,2): warning C5208: typedef 이름에 사용되는 명명되지 않은 클래스가 비정적 데이터 멤버, 멤버 열거형 또는 멤버 클래스 이외의 멤버를 선언할 수 없습니다.
C:\Users\동찬\Desktop\새 폴더\Task\Framework\Reference\Headers\Engine_Struct.h(128,2): warning C5208: typedef 이름에 사용되는 명명되지 않은 클래스가 비정적 데이터 멤버, 멤버 열거형 또는 멤버 클래스 이외의 멤버를 선언할 수 없습니다.
C:\Users\동찬\Desktop\새 폴더\Task\Framework\Reference\Headers\Engine_Struct.h(53,2): warning C5208: typedef 이름에 사용되는 명명되지 않은 클래스가 비정적 데이터 멤버, 멤버 열거형 또는 멤버 클래스 이외의 멤버를 선언할 수 없습니다.
C:\Users\동찬\Desktop\새 폴더\Task\Framework\Reference\Headers\Engine_Struct.h(134,2): warning C5208: typedef 이름에 사용되는 명명되지 않은 클래스가 비정적 데이터 멤버, 멤버 열거형 또는 멤버 클래스 이외의 멤버를 선언할 수 없습니다.
C:\Users\동찬\Desktop\새 폴더\Task\Framework\Reference\Headers\Engine_Struct.h(62,2): warning C5208: typedef 이름에 사용되는 명명되지 않은 클래스가 비정적 데이터 멤버, 멤버 열거형 또는 멤버 클래스 이외의 멤버를 선언할 수 없습니다.
C:\Users\동찬\Desktop\새 폴더\Task\Framework\Reference\Headers\Engine_Struct.h(71,2): warning C5208: typedef 이름에 사용되는 명명되지 않은 클래스가 비정적 데이터 멤버, 멤버 열거형 또는 멤버 클래스 이외의 멤버를 선언할 수 없습니다.
C:\Users\동찬\Desktop\새 폴더\Task\Framework\Reference\Headers\Engine_Struct.h(80,2): warning C5208: typedef 이름에 사용되는 명명되지 않은 클래스가 비정적 데이터 멤버, 멤버 열거형 또는 멤버 클래스 이외의 멤버를 선언할 수 없습니다.
C:\Users\동찬\Desktop\새 폴더\Task\Framework\Reference\Headers\Engine_Struct.h(90,2): warning C5208: typedef 이름에 사용되는 명명되지 않은 클래스가 비정적 데이터 멤버, 멤버 열거형 또는 멤버 클래스 이외의 멤버를 선언할 수 없습니다.
C:\Users\동찬\Desktop\새 폴더\Task\Framework\Reference\Headers\Engine_Struct.h(102,2): warning C5208: typedef 이름에 사용되는 명명되지 않은 클래스가 비정적 데이터 멤버, 멤버 열거형 또는 멤버 클래스 이외의 멤버를 선언할 수 없습니다.
C:\Users\동찬\Desktop\새 폴더\Task\Framework\Reference\Headers\Engine_Struct.h(128,2): warning C5208: typedef 이름에 사용되는 명명되지 않은 클래스가 비정적 데이터 멤버, 멤버 열거형 또는 멤버 클래스 이외의 멤버를 선언할 수 없습니다.
C:\Users\동찬\Desktop\새 폴더\Task\Framework\Reference\Headers\Engine_Struct.h(134,2): warning C5208: typedef 이름에 사용되는 명명되지 않은 클래스가 비정적 데이터 멤버, 멤버 열거형 또는 멤버 클래스 이외의 멤버를 선언할 수 없습니다.
C:\Users\동찬\Desktop\새 폴더\Task\Framework\Reference\Headers\Engine_Struct.h(35,2): warning C5208: typedef 이름에 사용되는 명명되지 않은 클래스가 비정적 데이터 멤버, 멤버 열거형 또는 멤버 클래스 이외의 멤버를 선언할 수 없습니다.
C:\Users\동찬\Desktop\새 폴더\Task\Framework\Reference\Headers\Engine_Struct.h(35,2): warning C5208: typedef 이름에 사용되는 명명되지 않은 클래스가 비정적 데이터 멤버, 멤버 열거형 또는 멤버 클래스 이외의 멤버를 선언할 수 없습니다.
C:\Users\동찬\Desktop\새 폴더\Task\Framework\Reference\Headers\Engine_Struct.h(43,2): warning C5208: typedef 이름에 사용되는 명명되지 않은 클래스가 비정적 데이터 멤버, 멤버 열거형 또는 멤버 클래스 이외의 멤버를 선언할 수 없습니다.
C:\Users\동찬\Desktop\새 폴더\Task\Framework\Reference\Headers\Engine_Struct.h(43,2): warning C5208: typedef 이름에 사용되는 명명되지 않은 클래스가 비정적 데이터 멤버, 멤버 열거형 또는 멤버 클래스 이외의 멤버를 선언할 수 없습니다.
C:\Users\동찬\Desktop\새 폴더\Task\Framework\Reference\Headers\Engine_Struct.h(53,2): warning C5208: typedef 이름에 사용되는 명명되지 않은 클래스가 비정적 데이터 멤버, 멤버 열거형 또는 멤버 클래스 이외의 멤버를 선언할 수 없습니다.
C:\Users\동찬\Desktop\새 폴더\Task\Framework\Reference\Headers\Engine_Struct.h(53,2): warning C5208: typedef 이름에 사용되는 명명되지 않은 클래스가 비정적 데이터 멤버, 멤버 열거형 또는 멤버 클래스 이외의 멤버를 선언할 수 없습니다.
C:\Users\동찬\Desktop\새 폴더\Task\Framework\Reference\Headers\Engine_Struct.h(62,2): warning C5208: typedef 이름에 사용되는 명명되지 않은 클래스가 비정적 데이터 멤버, 멤버 열거형 또는 멤버 클래스 이외의 멤버를 선언할 수 없습니다.
C:\Users\동찬\Desktop\새 폴더\Task\Framework\Reference\Headers\Engine_Struct.h(62,2): warning C5208: typedef 이름에 사용되는 명명되지 않은 클래스가 비정적 데이터 멤버, 멤버 열거형 또는 멤버 클래스 이외의 멤버를 선언할 수 없습니다.
C:\Users\동찬\Desktop\새 폴더\Task\Framework\Reference\Headers\Engine_Struct.h(71,2): warning C5208: typedef 이름에 사용되는 명명되지 않은 클래스가 비정적 데이터 멤버, 멤버 열거형 또는 멤버 클래스 이외의 멤버를 선언할 수 없습니다.
C:\Users\동찬\Desktop\새 폴더\Task\Framework\Reference\Headers\Engine_Struct.h(71,2): warning C5208: typedef 이름에 사용되는 명명되지 않은 클래스가 비정적 데이터 멤버, 멤버 열거형 또는 멤버 클래스 이외의 멤버를 선언할 수 없습니다.
C:\Users\동찬\Desktop\새 폴더\Task\Framework\Reference\Headers\Engine_Struct.h(80,2): warning C5208: typedef 이름에 사용되는 명명되지 않은 클래스가 비정적 데이터 멤버, 멤버 열거형 또는 멤버 클래스 이외의 멤버를 선언할 수 없습니다.
C:\Users\동찬\Desktop\새 폴더\Task\Framework\Reference\Headers\Engine_Struct.h(90,2): warning C5208: typedef 이름에 사용되는 명명되지 않은 클래스가 비정적 데이터 멤버, 멤버 열거형 또는 멤버 클래스 이외의 멤버를 선언할 수 없습니다.
C:\Users\동찬\Desktop\새 폴더\Task\Framework\Reference\Headers\Engine_Struct.h(80,2): warning C5208: typedef 이름에 사용되는 명명되지 않은 클래스가 비정적 데이터 멤버, 멤버 열거형 또는 멤버 클래스 이외의 멤버를 선언할 수 없습니다.
C:\Users\동찬\Desktop\새 폴더\Task\Framework\Reference\Headers\Engine_Struct.h(90,2): warning C5208: typedef 이름에 사용되는 명명되지 않은 클래스가 비정적 데이터 멤버, 멤버 열거형 또는 멤버 클래스 이외의 멤버를 선언할 수 없습니다.
C:\Users\동찬\Desktop\새 폴더\Task\Framework\Reference\Headers\Engine_Struct.h(102,2): warning C5208: typedef 이름에 사용되는 명명되지 않은 클래스가 비정적 데이터 멤버, 멤버 열거형 또는 멤버 클래스 이외의 멤버를 선언할 수 없습니다.
C:\Users\동찬\Desktop\새 폴더\Task\Framework\Reference\Headers\Engine_Struct.h(102,2): warning C5208: typedef 이름에 사용되는 명명되지 않은 클래스가 비정적 데이터 멤버, 멤버 열거형 또는 멤버 클래스 이외의 멤버를 선언할 수 없습니다.
C:\Users\동찬\Desktop\새 폴더\Task\Framework\Reference\Headers\Engine_Struct.h(128,2): warning C5208: typedef 이름에 사용되는 명명되지 않은 클래스가 비정적 데이터 멤버, 멤버 열거형 또는 멤버 클래스 이외의 멤버를 선언할 수 없습니다.
C:\Users\동찬\Desktop\새 폴더\Task\Framework\Reference\Headers\Engine_Struct.h(134,2): warning C5208: typedef 이름에 사용되는 명명되지 않은 클래스가 비정적 데이터 멤버, 멤버 열거형 또는 멤버 클래스 이외의 멤버를 선언할 수 없습니다.
C:\Users\동찬\Desktop\새 폴더\Task\Framework\Reference\Headers\Engine_Struct.h(128,2): warning C5208: typedef 이름에 사용되는 명명되지 않은 클래스가 비정적 데이터 멤버, 멤버 열거형 또는 멤버 클래스 이외의 멤버를 선언할 수 없습니다.
C:\Users\동찬\Desktop\새 폴더\Task\Framework\Reference\Headers\Engine_Struct.h(134,2): warning C5208: typedef 이름에 사용되는 명명되지 않은 클래스가 비정적 데이터 멤버, 멤버 열거형 또는 멤버 클래스 이외의 멤버를 선언할 수 없습니다.
C:\Users\동찬\Desktop\새 폴더\Task\Framework\Reference\Headers\Engine_Struct.h(35,2): warning C5208: typedef 이름에 사용되는 명명되지 않은 클래스가 비정적 데이터 멤버, 멤버 열거형 또는 멤버 클래스 이외의 멤버를 선언할 수 없습니다.
C:\Users\동찬\Desktop\새 폴더\Task\Framework\Reference\Headers\Engine_Struct.h(43,2): warning C5208: typedef 이름에 사용되는 명명되지 않은 클래스가 비정적 데이터 멤버, 멤버 열거형 또는 멤버 클래스 이외의 멤버를 선언할 수 없습니다.
C:\Users\동찬\Desktop\새 폴더\Task\Framework\Reference\Headers\Engine_Struct.h(53,2): warning C5208: typedef 이름에 사용되는 명명되지 않은 클래스가 비정적 데이터 멤버, 멤버 열거형 또는 멤버 클래스 이외의 멤버를 선언할 수 없습니다.
C:\Users\동찬\Desktop\새 폴더\Task\Framework\Reference\Headers\Engine_Struct.h(62,2): warning C5208: typedef 이름에 사용되는 명명되지 않은 클래스가 비정적 데이터 멤버, 멤버 열거형 또는 멤버 클래스 이외의 멤버를 선언할 수 없습니다.
C:\Users\동찬\Desktop\새 폴더\Task\Framework\Reference\Headers\Engine_Struct.h(71,2): warning C5208: typedef 이름에 사용되는 명명되지 않은 클래스가 비정적 데이터 멤버, 멤버 열거형 또는 멤버 클래스 이외의 멤버를 선언할 수 없습니다.
C:\Users\동찬\Desktop\새 폴더\Task\Framework\Reference\Headers\Engine_Struct.h(80,2): warning C5208: typedef 이름에 사용되는 명명되지 않은 클래스가 비정적 데이터 멤버, 멤버 열거형 또는 멤버 클래스 이외의 멤버를 선언할 수 없습니다.
C:\Users\동찬\Desktop\새 폴더\Task\Framework\Reference\Headers\Engine_Struct.h(90,2): warning C5208: typedef 이름에 사용되는 명명되지 않은 클래스가 비정적 데이터 멤버, 멤버 열거형 또는 멤버 클래스 이외의 멤버를 선언할 수 없습니다.
C:\Users\동찬\Desktop\새 폴더\Task\Framework\Reference\Headers\Engine_Struct.h(102,2): warning C5208: typedef 이름에 사용되는 명명되지 않은 클래스가 비정적 데이터 멤버, 멤버 열거형 또는 멤버 클래스 이외의 멤버를 선언할 수 없습니다.
C:\Users\동찬\Desktop\새 폴더\Task\Framework\Reference\Headers\Engine_Struct.h(128,2): warning C5208: typedef 이름에 사용되는 명명되지 않은 클래스가 비정적 데이터 멤버, 멤버 열거형 또는 멤버 클래스 이외의 멤버를 선언할 수 없습니다.
C:\Users\동찬\Desktop\새 폴더\Task\Framework\Reference\Headers\Engine_Struct.h(134,2): warning C5208: typedef 이름에 사용되는 명명되지 않은 클래스가 비정적 데이터 멤버, 멤버 열거형 또는 멤버 클래스 이외의 멤버를 선언할 수 없습니다.
C:\Users\동찬\Desktop\새 폴더\Task\Framework\Reference\Headers\Engine_Struct.h(35,2): warning C5208: typedef 이름에 사용되는 명명되지 않은 클래스가 비정적 데이터 멤버, 멤버 열거형 또는 멤버 클래스 이외의 멤버를 선언할 수 없습니다.
C:\Users\동찬\Desktop\새 폴더\Task\Framework\Reference\Headers\Engine_Struct.h(43,2): warning C5208: typedef 이름에 사용되는 명명되지 않은 클래스가 비정적 데이터 멤버, 멤버 열거형 또는 멤버 클래스 이외의 멤버를 선언할 수 없습니다.
C:\Users\동찬\Desktop\새 폴더\Task\Framework\Reference\Headers\Engine_Struct.h(53,2): warning C5208: typedef 이름에 사용되는 명명되지 않은 클래스가 비정적 데이터 멤버, 멤버 열거형 또는 멤버 클래스 이외의 멤버를 선언할 수 없습니다.
C:\Users\동찬\Desktop\새 폴더\Task\Framework\Reference\Headers\Engine_Struct.h(62,2): warning C5208: typedef 이름에 사용되는 명명되지 않은 클래스가 비정적 데이터 멤버, 멤버 열거형 또는 멤버 클래스 이외의 멤버를 선언할 수 없습니다.
C:\Users\동찬\Desktop\새 폴더\Task\Framework\Reference\Headers\Engine_Struct.h(71,2): warning C5208: typedef 이름에 사용되는 명명되지 않은 클래스가 비정적 데이터 멤버, 멤버 열거형 또는 멤버 클래스 이외의 멤버를 선언할 수 없습니다.
C:\Users\동찬\Desktop\새 폴더\Task\Framework\Reference\Headers\Engine_Struct.h(80,2): warning C5208: typedef 이름에 사용되는 명명되지 않은 클래스가 비정적 데이터 멤버, 멤버 열거형 또는 멤버 클래스 이외의 멤버를 선언할 수 없습니다.
C:\Users\동찬\Desktop\새 폴더\Task\Framework\Reference\Headers\Engine_Struct.h(90,2): warning C5208: typedef 이름에 사용되는 명명되지 않은 클래스가 비정적 데이터 멤버, 멤버 열거형 또는 멤버 클래스 이외의 멤버를 선언할 수 없습니다.
C:\Users\동찬\Desktop\새 폴더\Task\Framework\Reference\Headers\Engine_Struct.h(102,2): warning C5208: typedef 이름에 사용되는 명명되지 않은 클래스가 비정적 데이터 멤버, 멤버 열거형 또는 멤버 클래스 이외의 멤버를 선언할 수 없습니다.
C:\Users\동찬\Desktop\새 폴더\Task\Framework\Reference\Headers\Engine_Struct.h(128,2): warning C5208: typedef 이름에 사용되는 명명되지 않은 클래스가 비정적 데이터 멤버, 멤버 열거형 또는 멤버 클래스 이외의 멤버를 선언할 수 없습니다.
C:\Users\동찬\Desktop\새 폴더\Task\Framework\Reference\Headers\Engine_Struct.h(134,2): warning C5208: typedef 이름에 사용되는 명명되지 않은 클래스가 비정적 데이터 멤버, 멤버 열거형 또는 멤버 클래스 이외의 멤버를 선언할 수 없습니다.
C:\Users\동찬\Desktop\새 폴더\Task\Framework\Reference\Headers\Engine_Struct.h(35,2): warning C5208: typedef 이름에 사용되는 명명되지 않은 클래스가 비정적 데이터 멤버, 멤버 열거형 또는 멤버 클래스 이외의 멤버를 선언할 수 없습니다.
C:\Users\동찬\Desktop\새 폴더\Task\Framework\Reference\Headers\Engine_Struct.h(43,2): warning C5208: typedef 이름에 사용되는 명명되지 않은 클래스가 비정적 데이터 멤버, 멤버 열거형 또는 멤버 클래스 이외의 멤버를 선언할 수 없습니다.
C:\Users\동찬\Desktop\새 폴더\Task\Framework\Reference\Headers\Engine_Struct.h(35,2): warning C5208: typedef 이름에 사용되는 명명되지 않은 클래스가 비정적 데이터 멤버, 멤버 열거형 또는 멤버 클래스 이외의 멤버를 선언할 수 없습니다.
C:\Users\동찬\Desktop\새 폴더\Task\Framework\Reference\Headers\Engine_Struct.h(53,2): warning C5208: typedef 이름에 사용되는 명명되지 않은 클래스가 비정적 데이터 멤버, 멤버 열거형 또는 멤버 클래스 이외의 멤버를 선언할 수 없습니다.
C:\Users\동찬\Desktop\새 폴더\Task\Framework\Reference\Headers\Engine_Struct.h(43,2): warning C5208: typedef 이름에 사용되는 명명되지 않은 클래스가 비정적 데이터 멤버, 멤버 열거형 또는 멤버 클래스 이외의 멤버를 선언할 수 없습니다.
C:\Users\동찬\Desktop\새 폴더\Task\Framework\Reference\Headers\Engine_Struct.h(62,2): warning C5208: typedef 이름에 사용되는 명명되지 않은 클래스가 비정적 데이터 멤버, 멤버 열거형 또는 멤버 클래스 이외의 멤버를 선언할 수 없습니다.
C:\Users\동찬\Desktop\새 폴더\Task\Framework\Reference\Headers\Engine_Struct.h(53,2): warning C5208: typedef 이름에 사용되는 명명되지 않은 클래스가 비정적 데이터 멤버, 멤버 열거형 또는 멤버 클래스 이외의 멤버를 선언할 수 없습니다.
C:\Users\동찬\Desktop\새 폴더\Task\Framework\Reference\Headers\Engine_Struct.h(71,2): warning C5208: typedef 이름에 사용되는 명명되지 않은 클래스가 비정적 데이터 멤버, 멤버 열거형 또는 멤버 클래스 이외의 멤버를 선언할 수 없습니다.
C:\Users\동찬\Desktop\새 폴더\Task\Framework\Reference\Headers\Bounding_AABB.h(10,17): warning C5208: typedef 이름에 사용되는 명명되지 않은 클래스가 비정적 데이터 멤버, 멤버 열거형 또는 멤버 클래스 이외의 멤버를 선언할 수 없습니다.
C:\Users\동찬\Desktop\새 폴더\Task\Framework\Reference\Headers\Engine_Struct.h(62,2): warning C5208: typedef 이름에 사용되는 명명되지 않은 클래스가 비정적 데이터 멤버, 멤버 열거형 또는 멤버 클래스 이외의 멤버를 선언할 수 없습니다.
C:\Users\동찬\Desktop\새 폴더\Task\Framework\Reference\Headers\Engine_Struct.h(80,2): warning C5208: typedef 이름에 사용되는 명명되지 않은 클래스가 비정적 데이터 멤버, 멤버 열거형 또는 멤버 클래스 이외의 멤버를 선언할 수 없습니다.
C:\Users\동찬\Desktop\새 폴더\Task\Framework\Reference\Headers\Engine_Struct.h(71,2): warning C5208: typedef 이름에 사용되는 명명되지 않은 클래스가 비정적 데이터 멤버, 멤버 열거형 또는 멤버 클래스 이외의 멤버를 선언할 수 없습니다.
C:\Users\동찬\Desktop\새 폴더\Task\Framework\Reference\Headers\Engine_Struct.h(90,2): warning C5208: typedef 이름에 사용되는 명명되지 않은 클래스가 비정적 데이터 멤버, 멤버 열거형 또는 멤버 클래스 이외의 멤버를 선언할 수 없습니다.
C:\Users\동찬\Desktop\새 폴더\Task\Framework\Reference\Headers\Engine_Struct.h(80,2): warning C5208: typedef 이름에 사용되는 명명되지 않은 클래스가 비정적 데이터 멤버, 멤버 열거형 또는 멤버 클래스 이외의 멤버를 선언할 수 없습니다.
C:\Users\동찬\Desktop\새 폴더\Task\Framework\Reference\Headers\Engine_Struct.h(102,2): warning C5208: typedef 이름에 사용되는 명명되지 않은 클래스가 비정적 데이터 멤버, 멤버 열거형 또는 멤버 클래스 이외의 멤버를 선언할 수 없습니다.
C:\Users\동찬\Desktop\새 폴더\Task\Framework\Reference\Headers\Engine_Struct.h(35,2): warning C5208: typedef 이름에 사용되는 명명되지 않은 클래스가 비정적 데이터 멤버, 멤버 열거형 또는 멤버 클래스 이외의 멤버를 선언할 수 없습니다.
C:\Users\동찬\Desktop\새 폴더\Task\Framework\Reference\Headers\Engine_Struct.h(90,2): warning C5208: typedef 이름에 사용되는 명명되지 않은 클래스가 비정적 데이터 멤버, 멤버 열거형 또는 멤버 클래스 이외의 멤버를 선언할 수 없습니다.
C:\Users\동찬\Desktop\새 폴더\Task\Framework\Reference\Headers\Engine_Struct.h(128,2): warning C5208: typedef 이름에 사용되는 명명되지 않은 클래스가 비정적 데이터 멤버, 멤버 열거형 또는 멤버 클래스 이외의 멤버를 선언할 수 없습니다.
C:\Users\동찬\Desktop\새 폴더\Task\Framework\Reference\Headers\Engine_Struct.h(134,2): warning C5208: typedef 이름에 사용되는 명명되지 않은 클래스가 비정적 데이터 멤버, 멤버 열거형 또는 멤버 클래스 이외의 멤버를 선언할 수 없습니다.
C:\Users\동찬\Desktop\새 폴더\Task\Framework\Reference\Headers\Engine_Struct.h(102,2): warning C5208: typedef 이름에 사용되는 명명되지 않은 클래스가 비정적 데이터 멤버, 멤버 열거형 또는 멤버 클래스 이외의 멤버를 선언할 수 없습니다.
C:\Users\동찬\Desktop\새 폴더\Task\Framework\Reference\Headers\Bounding_OBB.h(18,17): warning C5208: typedef 이름에 사용되는 명명되지 않은 클래스가 비정적 데이터 멤버, 멤버 열거형 또는 멤버 클래스 이외의 멤버를 선언할 수 없습니다.
C:\Users\동찬\Desktop\새 폴더\Task\Framework\Reference\Headers\Engine_Struct.h(43,2): warning C5208: typedef 이름에 사용되는 명명되지 않은 클래스가 비정적 데이터 멤버, 멤버 열거형 또는 멤버 클래스 이외의 멤버를 선언할 수 없습니다.
C:\Users\동찬\Desktop\새 폴더\Task\Framework\Reference\Headers\Engine_Struct.h(128,2): warning C5208: typedef 이름에 사용되는 명명되지 않은 클래스가 비정적 데이터 멤버, 멤버 열거형 또는 멤버 클래스 이외의 멤버를 선언할 수 없습니다.
C:\Users\동찬\Desktop\새 폴더\Task\Framework\Reference\Headers\Engine_Struct.h(134,2): warning C5208: typedef 이름에 사용되는 명명되지 않은 클래스가 비정적 데이터 멤버, 멤버 열거형 또는 멤버 클래스 이외의 멤버를 선언할 수 없습니다.
C:\Users\동찬\Desktop\새 폴더\Task\Framework\Reference\Headers\Engine_Struct.h(53,2): warning C5208: typedef 이름에 사용되는 명명되지 않은 클래스가 비정적 데이터 멤버, 멤버 열거형 또는 멤버 클래스 이외의 멤버를 선언할 수 없습니다.
C:\Users\동찬\Desktop\새 폴더\Task\Framework\Reference\Headers\Bounding_Sphere.h(10,17): warning C5208: typedef 이름에 사용되는 명명되지 않은 클래스가 비정적 데이터 멤버, 멤버 열거형 또는 멤버 클래스 이외의 멤버를 선언할 수 없습니다.
C:\Users\동찬\Desktop\새 폴더\Task\Framework\Reference\Headers\Engine_Struct.h(62,2): warning C5208: typedef 이름에 사용되는 명명되지 않은 클래스가 비정적 데이터 멤버, 멤버 열거형 또는 멤버 클래스 이외의 멤버를 선언할 수 없습니다.
C:\Users\동찬\Desktop\새 폴더\Task\Framework\Reference\Headers\Engine_Struct.h(71,2): warning C5208: typedef 이름에 사용되는 명명되지 않은 클래스가 비정적 데이터 멤버, 멤버 열거형 또는 멤버 클래스 이외의 멤버를 선언할 수 없습니다.
C:\Users\동찬\Desktop\새 폴더\Task\Framework\Reference\Headers\Engine_Struct.h(80,2): warning C5208: typedef 이름에 사용되는 명명되지 않은 클래스가 비정적 데이터 멤버, 멤버 열거형 또는 멤버 클래스 이외의 멤버를 선언할 수 없습니다.
C:\Users\동찬\Desktop\새 폴더\Task\Framework\Reference\Headers\Engine_Struct.h(90,2): warning C5208: typedef 이름에 사용되는 명명되지 않은 클래스가 비정적 데이터 멤버, 멤버 열거형 또는 멤버 클래스 이외의 멤버를 선언할 수 없습니다.
C:\Users\동찬\Desktop\새 폴더\Task\Framework\Reference\Headers\Engine_Struct.h(102,2): warning C5208: typedef 이름에 사용되는 명명되지 않은 클래스가 비정적 데이터 멤버, 멤버 열거형 또는 멤버 클래스 이외의 멤버를 선언할 수 없습니다.
C:\Users\동찬\Desktop\새 폴더\Task\Framework\Reference\Headers\Engine_Struct.h(128,2): warning C5208: typedef 이름에 사용되는 명명되지 않은 클래스가 비정적 데이터 멤버, 멤버 열거형 또는 멤버 클래스 이외의 멤버를 선언할 수 없습니다.
C:\Users\동찬\Desktop\새 폴더\Task\Framework\Reference\Headers\Engine_Struct.h(134,2): warning C5208: typedef 이름에 사용되는 명명되지 않은 클래스가 비정적 데이터 멤버, 멤버 열거형 또는 멤버 클래스 이외의 멤버를 선언할 수 없습니다.
C:\Users\동찬\Desktop\새 폴더\Task\Framework\Reference\Headers\Transform.h(17,2): warning C5208: typedef 이름에 사용되는 명명되지 않은 클래스가 비정적 데이터 멤버, 멤버 열거형 또는 멤버 클래스 이외의 멤버를 선언할 수 없습니다.
C:\Users\동찬\Desktop\새 폴더\Task\Framework\Reference\Headers\Engine_Struct.h(35,2): warning C5208: typedef 이름에 사용되는 명명되지 않은 클래스가 비정적 데이터 멤버, 멤버 열거형 또는 멤버 클래스 이외의 멤버를 선언할 수 없습니다.
C:\Users\동찬\Desktop\새 폴더\Task\Framework\Reference\Headers\Engine_Struct.h(43,2): warning C5208: typedef 이름에 사용되는 명명되지 않은 클래스가 비정적 데이터 멤버, 멤버 열거형 또는 멤버 클래스 이외의 멤버를 선언할 수 없습니다.
C:\Users\동찬\Desktop\새 폴더\Task\Framework\Reference\Headers\GameObject.h(12,17): warning C5208: typedef 이름에 사용되는 명명되지 않은 클래스가 비정적 데이터 멤버, 멤버 열거형 또는 멤버 클래스 이외의 멤버를 선언할 수 없습니다.
C:\Users\동찬\Desktop\새 폴더\Task\Framework\Reference\Headers\Engine_Struct.h(53,2): warning C5208: typedef 이름에 사용되는 명명되지 않은 클래스가 비정적 데이터 멤버, 멤버 열거형 또는 멤버 클래스 이외의 멤버를 선언할 수 없습니다.
C:\Users\동찬\Desktop\새 폴더\Task\Framework\Reference\Headers\Engine_Struct.h(62,2): warning C5208: typedef 이름에 사용되는 명명되지 않은 클래스가 비정적 데이터 멤버, 멤버 열거형 또는 멤버 클래스 이외의 멤버를 선언할 수 없습니다.
C:\Users\동찬\Desktop\새 폴더\Task\Framework\Reference\Headers\Engine_Struct.h(71,2): warning C5208: typedef 이름에 사용되는 명명되지 않은 클래스가 비정적 데이터 멤버, 멤버 열거형 또는 멤버 클래스 이외의 멤버를 선언할 수 없습니다.
C:\Users\동찬\Desktop\새 폴더\Task\Framework\Reference\Headers\Engine_Struct.h(80,2): warning C5208: typedef 이름에 사용되는 명명되지 않은 클래스가 비정적 데이터 멤버, 멤버 열거형 또는 멤버 클래스 이외의 멤버를 선언할 수 없습니다.
C:\Users\동찬\Desktop\새 폴더\Task\Framework\Reference\Headers\Engine_Struct.h(90,2): warning C5208: typedef 이름에 사용되는 명명되지 않은 클래스가 비정적 데이터 멤버, 멤버 열거형 또는 멤버 클래스 이외의 멤버를 선언할 수 없습니다.
C:\Users\동찬\Desktop\새 폴더\Task\Framework\Reference\Headers\Engine_Struct.h(102,2): warning C5208: typedef 이름에 사용되는 명명되지 않은 클래스가 비정적 데이터 멤버, 멤버 열거형 또는 멤버 클래스 이외의 멤버를 선언할 수 없습니다.
C:\Users\동찬\Desktop\새 폴더\Task\Framework\Reference\Headers\Engine_Struct.h(128,2): warning C5208: typedef 이름에 사용되는 명명되지 않은 클래스가 비정적 데이터 멤버, 멤버 열거형 또는 멤버 클래스 이외의 멤버를 선언할 수 없습니다.
C:\Users\동찬\Desktop\새 폴더\Task\Framework\Reference\Headers\Engine_Struct.h(134,2): warning C5208: typedef 이름에 사용되는 명명되지 않은 클래스가 비정적 데이터 멤버, 멤버 열거형 또는 멤버 클래스 이외의 멤버를 선언할 수 없습니다.
C:\Users\동찬\Desktop\새 폴더\Task\Framework\Reference\Headers\Transform.h(17,2): warning C5208: typedef 이름에 사용되는 명명되지 않은 클래스가 비정적 데이터 멤버, 멤버 열거형 또는 멤버 클래스 이외의 멤버를 선언할 수 없습니다.
C:\Users\동찬\Desktop\새 폴더\Task\Framework\Reference\Headers\Engine_Struct.h(35,2): warning C5208: typedef 이름에 사용되는 명명되지 않은 클래스가 비정적 데이터 멤버, 멤버 열거형 또는 멤버 클래스 이외의 멤버를 선언할 수 없습니다.
C:\Users\동찬\Desktop\새 폴더\Task\Framework\Reference\Headers\GameObject.h(12,17): warning C5208: typedef 이름에 사용되는 명명되지 않은 클래스가 비정적 데이터 멤버, 멤버 열거형 또는 멤버 클래스 이외의 멤버를 선언할 수 없습니다.
C:\Users\동찬\Desktop\새 폴더\Task\Framework\Reference\Headers\Engine_Struct.h(43,2): warning C5208: typedef 이름에 사용되는 명명되지 않은 클래스가 비정적 데이터 멤버, 멤버 열거형 또는 멤버 클래스 이외의 멤버를 선언할 수 없습니다.
C:\Users\동찬\Desktop\새 폴더\Task\Framework\Reference\Headers\Engine_Struct.h(53,2): warning C5208: typedef 이름에 사용되는 명명되지 않은 클래스가 비정적 데이터 멤버, 멤버 열거형 또는 멤버 클래스 이외의 멤버를 선언할 수 없습니다.
C:\Users\동찬\Desktop\새 폴더\Task\Framework\Reference\Headers\Engine_Struct.h(35,2): warning C5208: typedef 이름에 사용되는 명명되지 않은 클래스가 비정적 데이터 멤버, 멤버 열거형 또는 멤버 클래스 이외의 멤버를 선언할 수 없습니다.
C:\Users\동찬\Desktop\새 폴더\Task\Framework\Reference\Headers\Engine_Struct.h(62,2): warning C5208: typedef 이름에 사용되는 명명되지 않은 클래스가 비정적 데이터 멤버, 멤버 열거형 또는 멤버 클래스 이외의 멤버를 선언할 수 없습니다.
C:\Users\동찬\Desktop\새 폴더\Task\Framework\Reference\Headers\Engine_Struct.h(43,2): warning C5208: typedef 이름에 사용되는 명명되지 않은 클래스가 비정적 데이터 멤버, 멤버 열거형 또는 멤버 클래스 이외의 멤버를 선언할 수 없습니다.
C:\Users\동찬\Desktop\새 폴더\Task\Framework\Reference\Headers\Engine_Struct.h(71,2): warning C5208: typedef 이름에 사용되는 명명되지 않은 클래스가 비정적 데이터 멤버, 멤버 열거형 또는 멤버 클래스 이외의 멤버를 선언할 수 없습니다.
C:\Users\동찬\Desktop\새 폴더\Task\Framework\Reference\Headers\Engine_Struct.h(53,2): warning C5208: typedef 이름에 사용되는 명명되지 않은 클래스가 비정적 데이터 멤버, 멤버 열거형 또는 멤버 클래스 이외의 멤버를 선언할 수 없습니다.
C:\Users\동찬\Desktop\새 폴더\Task\Framework\Reference\Headers\Engine_Struct.h(80,2): warning C5208: typedef 이름에 사용되는 명명되지 않은 클래스가 비정적 데이터 멤버, 멤버 열거형 또는 멤버 클래스 이외의 멤버를 선언할 수 없습니다.
C:\Users\동찬\Desktop\새 폴더\Task\Framework\Reference\Headers\Engine_Struct.h(62,2): warning C5208: typedef 이름에 사용되는 명명되지 않은 클래스가 비정적 데이터 멤버, 멤버 열거형 또는 멤버 클래스 이외의 멤버를 선언할 수 없습니다.
C:\Users\동찬\Desktop\새 폴더\Task\Framework\Reference\Headers\Engine_Struct.h(90,2): warning C5208: typedef 이름에 사용되는 명명되지 않은 클래스가 비정적 데이터 멤버, 멤버 열거형 또는 멤버 클래스 이외의 멤버를 선언할 수 없습니다.
C:\Users\동찬\Desktop\새 폴더\Task\Framework\Reference\Headers\Engine_Struct.h(71,2): warning C5208: typedef 이름에 사용되는 명명되지 않은 클래스가 비정적 데이터 멤버, 멤버 열거형 또는 멤버 클래스 이외의 멤버를 선언할 수 없습니다.
C:\Users\동찬\Desktop\새 폴더\Task\Framework\Client\Public\LandObject.h(16,17): warning C5208: typedef 이름에 사용되는 명명되지 않은 클래스가 비정적 데이터 멤버, 멤버 열거형 또는 멤버 클래스 이외의 멤버를 선언할 수 없습니다.
C:\Users\동찬\Desktop\새 폴더\Task\Framework\Reference\Headers\Transform.h(17,2): warning C5208: typedef 이름에 사용되는 명명되지 않은 클래스가 비정적 데이터 멤버, 멤버 열거형 또는 멤버 클래스 이외의 멤버를 선언할 수 없습니다.
C:\Users\동찬\Desktop\새 폴더\Task\Framework\Reference\Headers\Engine_Struct.h(102,2): warning C5208: typedef 이름에 사용되는 명명되지 않은 클래스가 비정적 데이터 멤버, 멤버 열거형 또는 멤버 클래스 이외의 멤버를 선언할 수 없습니다.
C:\Users\동찬\Desktop\새 폴더\Task\Framework\Reference\Headers\Engine_Struct.h(128,2): warning C5208: typedef 이름에 사용되는 명명되지 않은 클래스가 비정적 데이터 멤버, 멤버 열거형 또는 멤버 클래스 이외의 멤버를 선언할 수 없습니다.
C:\Users\동찬\Desktop\새 폴더\Task\Framework\Reference\Headers\Engine_Struct.h(80,2): warning C5208: typedef 이름에 사용되는 명명되지 않은 클래스가 비정적 데이터 멤버, 멤버 열거형 또는 멤버 클래스 이외의 멤버를 선언할 수 없습니다.
C:\Users\동찬\Desktop\새 폴더\Task\Framework\Reference\Headers\Engine_Struct.h(134,2): warning C5208: typedef 이름에 사용되는 명명되지 않은 클래스가 비정적 데이터 멤버, 멤버 열거형 또는 멤버 클래스 이외의 멤버를 선언할 수 없습니다.
C:\Users\동찬\Desktop\새 폴더\Task\Framework\Reference\Headers\Engine_Struct.h(90,2): warning C5208: typedef 이름에 사용되는 명명되지 않은 클래스가 비정적 데이터 멤버, 멤버 열거형 또는 멤버 클래스 이외의 멤버를 선언할 수 없습니다.
C:\Users\동찬\Desktop\새 폴더\Task\Framework\Reference\Headers\Engine_Struct.h(102,2): warning C5208: typedef 이름에 사용되는 명명되지 않은 클래스가 비정적 데이터 멤버, 멤버 열거형 또는 멤버 클래스 이외의 멤버를 선언할 수 없습니다.
C:\Users\동찬\Desktop\새 폴더\Task\Framework\Reference\Headers\Engine_Struct.h(128,2): warning C5208: typedef 이름에 사용되는 명명되지 않은 클래스가 비정적 데이터 멤버, 멤버 열거형 또는 멤버 클래스 이외의 멤버를 선언할 수 없습니다.
C:\Users\동찬\Desktop\새 폴더\Task\Framework\Reference\Headers\Transform.h(17,2): warning C5208: typedef 이름에 사용되는 명명되지 않은 클래스가 비정적 데이터 멤버, 멤버 열거형 또는 멤버 클래스 이외의 멤버를 선언할 수 없습니다.
C:\Users\동찬\Desktop\새 폴더\Task\Framework\Reference\Headers\Engine_Struct.h(134,2): warning C5208: typedef 이름에 사용되는 명명되지 않은 클래스가 비정적 데이터 멤버, 멤버 열거형 또는 멤버 클래스 이외의 멤버를 선언할 수 없습니다.
C:\Users\동찬\Desktop\새 폴더\Task\Framework\Reference\Headers\Camera.h(10,18): warning C5208: typedef 이름에 사용되는 명명되지 않은 클래스가 비정적 데이터 멤버, 멤버 열거형 또는 멤버 클래스 이외의 멤버를 선언할 수 없습니다.
C:\Users\동찬\Desktop\새 폴더\Task\Framework\Reference\Headers\Transform.h(17,2): warning C5208: typedef 이름에 사용되는 명명되지 않은 클래스가 비정적 데이터 멤버, 멤버 열거형 또는 멤버 클래스 이외의 멤버를 선언할 수 없습니다.
C:\Users\동찬\Desktop\새 폴더\Task\Framework\Reference\Headers\Transform.h(17,2): warning C5208: typedef 이름에 사용되는 명명되지 않은 클래스가 비정적 데이터 멤버, 멤버 열거형 또는 멤버 클래스 이외의 멤버를 선언할 수 없습니다.
C:\Users\동찬\Desktop\새 폴더\Task\Framework\Reference\Headers\Transform.h(17,2): warning C5208: typedef 이름에 사용되는 명명되지 않은 클래스가 비정적 데이터 멤버, 멤버 열거형 또는 멤버 클래스 이외의 멤버를 선언할 수 없습니다.
C:\Users\동찬\Desktop\새 폴더\Task\Framework\Reference\Headers\Bounding_AABB.h(10,17): warning C5208: typedef 이름에 사용되는 명명되지 않은 클래스가 비정적 데이터 멤버, 멤버 열거형 또는 멤버 클래스 이외의 멤버를 선언할 수 없습니다.
C:\Users\동찬\Desktop\새 폴더\Task\Framework\Reference\Headers\Bounding_OBB.h(18,17): warning C5208: typedef 이름에 사용되는 명명되지 않은 클래스가 비정적 데이터 멤버, 멤버 열거형 또는 멤버 클래스 이외의 멤버를 선언할 수 없습니다.
C:\Users\동찬\Desktop\새 폴더\Task\Framework\Reference\Headers\Bounding_Sphere.h(10,17): warning C5208: typedef 이름에 사용되는 명명되지 않은 클래스가 비정적 데이터 멤버, 멤버 열거형 또는 멤버 클래스 이외의 멤버를 선언할 수 없습니다.
C:\Users\동찬\Desktop\새 폴더\Task\Framework\Reference\Headers\Engine_Struct.h(35,2): warning C5208: typedef 이름에 사용되는 명명되지 않은 클래스가 비정적 데이터 멤버, 멤버 열거형 또는 멤버 클래스 이외의 멤버를 선언할 수 없습니다.
C:\Users\동찬\Desktop\새 폴더\Task\Framework\Reference\Headers\Engine_Struct.h(43,2): warning C5208: typedef 이름에 사용되는 명명되지 않은 클래스가 비정적 데이터 멤버, 멤버 열거형 또는 멤버 클래스 이외의 멤버를 선언할 수 없습니다.
C:\Users\동찬\Desktop\새 폴더\Task\Framework\Reference\Headers\Engine_Struct.h(53,2): warning C5208: typedef 이름에 사용되는 명명되지 않은 클래스가 비정적 데이터 멤버, 멤버 열거형 또는 멤버 클래스 이외의 멤버를 선언할 수 없습니다.
C:\Users\동찬\Desktop\새 폴더\Task\Framework\Reference\Headers\Engine_Struct.h(62,2): warning C5208: typedef 이름에 사용되는 명명되지 않은 클래스가 비정적 데이터 멤버, 멤버 열거형 또는 멤버 클래스 이외의 멤버를 선언할 수 없습니다.
C:\Users\동찬\Desktop\새 폴더\Task\Framework\Reference\Headers\Engine_Struct.h(71,2): warning C5208: typedef 이름에 사용되는 명명되지 않은 클래스가 비정적 데이터 멤버, 멤버 열거형 또는 멤버 클래스 이외의 멤버를 선언할 수 없습니다.
C:\Users\동찬\Desktop\새 폴더\Task\Framework\Reference\Headers\Engine_Struct.h(80,2): warning C5208: typedef 이름에 사용되는 명명되지 않은 클래스가 비정적 데이터 멤버, 멤버 열거형 또는 멤버 클래스 이외의 멤버를 선언할 수 없습니다.
C:\Users\동찬\Desktop\새 폴더\Task\Framework\Reference\Headers\Engine_Struct.h(90,2): warning C5208: typedef 이름에 사용되는 명명되지 않은 클래스가 비정적 데이터 멤버, 멤버 열거형 또는 멤버 클래스 이외의 멤버를 선언할 수 없습니다.
C:\Users\동찬\Desktop\새 폴더\Task\Framework\Reference\Headers\Engine_Struct.h(102,2): warning C5208: typedef 이름에 사용되는 명명되지 않은 클래스가 비정적 데이터 멤버, 멤버 열거형 또는 멤버 클래스 이외의 멤버를 선언할 수 없습니다.
C:\Users\동찬\Desktop\새 폴더\Task\Framework\Reference\Headers\Engine_Struct.h(128,2): warning C5208: typedef 이름에 사용되는 명명되지 않은 클래스가 비정적 데이터 멤버, 멤버 열거형 또는 멤버 클래스 이외의 멤버를 선언할 수 없습니다.
C:\Users\동찬\Desktop\새 폴더\Task\Framework\Reference\Headers\Engine_Struct.h(134,2): warning C5208: typedef 이름에 사용되는 명명되지 않은 클래스가 비정적 데이터 멤버, 멤버 열거형 또는 멤버 클래스 이외의 멤버를 선언할 수 없습니다.
C:\Users\동찬\Desktop\새 폴더\Task\Framework\Reference\Headers\Bounding_AABB.h(10,17): warning C5208: typedef 이름에 사용되는 명명되지 않은 클래스가 비정적 데이터 멤버, 멤버 열거형 또는 멤버 클래스 이외의 멤버를 선언할 수 없습니다.
C:\Users\동찬\Desktop\새 폴더\Task\Framework\Reference\Headers\GameObject.h(12,17): warning C5208: typedef 이름에 사용되는 명명되지 않은 클래스가 비정적 데이터 멤버, 멤버 열거형 또는 멤버 클래스 이외의 멤버를 선언할 수 없습니다.
C:\Users\동찬\Desktop\새 폴더\Task\Framework\Reference\Headers\Transform.h(17,2): warning C5208: typedef 이름에 사용되는 명명되지 않은 클래스가 비정적 데이터 멤버, 멤버 열거형 또는 멤버 클래스 이외의 멤버를 선언할 수 없습니다.
C:\Users\동찬\Desktop\새 폴더\Task\Framework\Reference\Headers\Bounding_OBB.h(18,17): warning C5208: typedef 이름에 사용되는 명명되지 않은 클래스가 비정적 데이터 멤버, 멤버 열거형 또는 멤버 클래스 이외의 멤버를 선언할 수 없습니다.
C:\Users\동찬\Desktop\새 폴더\Task\Framework\Reference\Headers\Bounding_AABB.h(10,17): warning C5208: typedef 이름에 사용되는 명명되지 않은 클래스가 비정적 데이터 멤버, 멤버 열거형 또는 멤버 클래스 이외의 멤버를 선언할 수 없습니다.
C:\Users\동찬\Desktop\새 폴더\Task\Framework\Reference\Headers\Bounding_AABB.h(10,17): warning C5208: typedef 이름에 사용되는 명명되지 않은 클래스가 비정적 데이터 멤버, 멤버 열거형 또는 멤버 클래스 이외의 멤버를 선언할 수 없습니다.
C:\Users\동찬\Desktop\새 폴더\Task\Framework\Reference\Headers\Bounding_Sphere.h(10,17): warning C5208: typedef 이름에 사용되는 명명되지 않은 클래스가 비정적 데이터 멤버, 멤버 열거형 또는 멤버 클래스 이외의 멤버를 선언할 수 없습니다.
C:\Users\동찬\Desktop\새 폴더\Task\Framework\Reference\Headers\Bounding_OBB.h(18,17): warning C5208: typedef 이름에 사용되는 명명되지 않은 클래스가 비정적 데이터 멤버, 멤버 열거형 또는 멤버 클래스 이외의 멤버를 선언할 수 없습니다.
C:\Users\동찬\Desktop\새 폴더\Task\Framework\Reference\Headers\Bounding_Sphere.h(10,17): warning C5208: typedef 이름에 사용되는 명명되지 않은 클래스가 비정적 데이터 멤버, 멤버 열거형 또는 멤버 클래스 이외의 멤버를 선언할 수 없습니다.
C:\Users\동찬\Desktop\새 폴더\Task\Framework\Reference\Headers\Bounding_OBB.h(18,17): warning C5208: typedef 이름에 사용되는 명명되지 않은 클래스가 비정적 데이터 멤버, 멤버 열거형 또는 멤버 클래스 이외의 멤버를 선언할 수 없습니다.
C:\Users\동찬\Desktop\새 폴더\Task\Framework\Reference\Headers\Bounding_AABB.h(10,17): warning C5208: typedef 이름에 사용되는 명명되지 않은 클래스가 비정적 데이터 멤버, 멤버 열거형 또는 멤버 클래스 이외의 멤버를 선언할 수 없습니다.
C:\Users\동찬\Desktop\새 폴더\Task\Framework\Reference\Headers\Transform.h(17,2): warning C5208: typedef 이름에 사용되는 명명되지 않은 클래스가 비정적 데이터 멤버, 멤버 열거형 또는 멤버 클래스 이외의 멤버를 선언할 수 없습니다.
C:\Users\동찬\Desktop\새 폴더\Task\Framework\Reference\Headers\Bounding_Sphere.h(10,17): warning C5208: typedef 이름에 사용되는 명명되지 않은 클래스가 비정적 데이터 멤버, 멤버 열거형 또는 멤버 클래스 이외의 멤버를 선언할 수 없습니다.
C:\Users\동찬\Desktop\새 폴더\Task\Framework\Reference\Headers\Bounding_OBB.h(18,17): warning C5208: typedef 이름에 사용되는 명명되지 않은 클래스가 비정적 데이터 멤버, 멤버 열거형 또는 멤버 클래스 이외의 멤버를 선언할 수 없습니다.
C:\Users\동찬\Desktop\새 폴더\Task\Framework\Reference\Headers\Camera.h(10,18): warning C5208: typedef 이름에 사용되는 명명되지 않은 클래스가 비정적 데이터 멤버, 멤버 열거형 또는 멤버 클래스 이외의 멤버를 선언할 수 없습니다.
C:\Users\동찬\Desktop\새 폴더\Task\Framework\Reference\Headers\Transform.h(17,2): warning C5208: typedef 이름에 사용되는 명명되지 않은 클래스가 비정적 데이터 멤버, 멤버 열거형 또는 멤버 클래스 이외의 멤버를 선언할 수 없습니다.
C:\Users\동찬\Desktop\새 폴더\Task\Framework\Reference\Headers\Bounding_Sphere.h(10,17): warning C5208: typedef 이름에 사용되는 명명되지 않은 클래스가 비정적 데이터 멤버, 멤버 열거형 또는 멤버 클래스 이외의 멤버를 선언할 수 없습니다.
C:\Users\동찬\Desktop\새 폴더\Task\Framework\Reference\Headers\Transform.h(17,2): warning C5208: typedef 이름에 사용되는 명명되지 않은 클래스가 비정적 데이터 멤버, 멤버 열거형 또는 멤버 클래스 이외의 멤버를 선언할 수 없습니다.
C:\Users\동찬\Desktop\새 폴더\Task\Framework\Reference\Headers\GameObject.h(12,17): warning C5208: typedef 이름에 사용되는 명명되지 않은 클래스가 비정적 데이터 멤버, 멤버 열거형 또는 멤버 클래스 이외의 멤버를 선언할 수 없습니다.
C:\Users\동찬\Desktop\새 폴더\Task\Framework\Reference\Headers\Bounding_AABB.h(10,17): warning C5208: typedef 이름에 사용되는 명명되지 않은 클래스가 비정적 데이터 멤버, 멤버 열거형 또는 멤버 클래스 이외의 멤버를 선언할 수 없습니다.
C:\Users\동찬\Desktop\새 폴더\Task\Framework\Reference\Headers\GameObject.h(12,17): warning C5208: typedef 이름에 사용되는 명명되지 않은 클래스가 비정적 데이터 멤버, 멤버 열거형 또는 멤버 클래스 이외의 멤버를 선언할 수 없습니다.
C:\Users\동찬\Desktop\새 폴더\Task\Framework\Reference\Headers\Bounding_OBB.h(18,17): warning C5208: typedef 이름에 사용되는 명명되지 않은 클래스가 비정적 데이터 멤버, 멤버 열거형 또는 멤버 클래스 이외의 멤버를 선언할 수 없습니다.
C:\Users\동찬\Desktop\새 폴더\Task\Framework\Reference\Headers\GameObject.h(12,17): warning C5208: typedef 이름에 사용되는 명명되지 않은 클래스가 비정적 데이터 멤버, 멤버 열거형 또는 멤버 클래스 이외의 멤버를 선언할 수 없습니다.
C:\Users\동찬\Desktop\새 폴더\Task\Framework\Reference\Headers\Bounding_Sphere.h(10,17): warning C5208: typedef 이름에 사용되는 명명되지 않은 클래스가 비정적 데이터 멤버, 멤버 열거형 또는 멤버 클래스 이외의 멤버를 선언할 수 없습니다.
C:\Users\동찬\Desktop\새 폴더\Task\Framework\Reference\Headers\GameObject.h(12,17): warning C5208: typedef 이름에 사용되는 명명되지 않은 클래스가 비정적 데이터 멤버, 멤버 열거형 또는 멤버 클래스 이외의 멤버를 선언할 수 없습니다.
C:\Users\동찬\Desktop\새 폴더\Task\Framework\Reference\Headers\Engine_Struct.h(35,2): warning C5208: typedef 이름에 사용되는 명명되지 않은 클래스가 비정적 데이터 멤버, 멤버 열거형 또는 멤버 클래스 이외의 멤버를 선언할 수 없습니다.
C:\Users\동찬\Desktop\새 폴더\Task\Framework\Reference\Headers\Engine_Struct.h(43,2): warning C5208: typedef 이름에 사용되는 명명되지 않은 클래스가 비정적 데이터 멤버, 멤버 열거형 또는 멤버 클래스 이외의 멤버를 선언할 수 없습니다.
C:\Users\동찬\Desktop\새 폴더\Task\Framework\Reference\Headers\Engine_Struct.h(53,2): warning C5208: typedef 이름에 사용되는 명명되지 않은 클래스가 비정적 데이터 멤버, 멤버 열거형 또는 멤버 클래스 이외의 멤버를 선언할 수 없습니다.
C:\Users\동찬\Desktop\새 폴더\Task\Framework\Reference\Headers\Engine_Struct.h(62,2): warning C5208: typedef 이름에 사용되는 명명되지 않은 클래스가 비정적 데이터 멤버, 멤버 열거형 또는 멤버 클래스 이외의 멤버를 선언할 수 없습니다.
C:\Users\동찬\Desktop\새 폴더\Task\Framework\Reference\Headers\Engine_Struct.h(71,2): warning C5208: typedef 이름에 사용되는 명명되지 않은 클래스가 비정적 데이터 멤버, 멤버 열거형 또는 멤버 클래스 이외의 멤버를 선언할 수 없습니다.
C:\Users\동찬\Desktop\새 폴더\Task\Framework\Reference\Headers\Engine_Struct.h(80,2): warning C5208: typedef 이름에 사용되는 명명되지 않은 클래스가 비정적 데이터 멤버, 멤버 열거형 또는 멤버 클래스 이외의 멤버를 선언할 수 없습니다.
C:\Users\동찬\Desktop\새 폴더\Task\Framework\Reference\Headers\Transform.h(17,2): warning C5208: typedef 이름에 사용되는 명명되지 않은 클래스가 비정적 데이터 멤버, 멤버 열거형 또는 멤버 클래스 이외의 멤버를 선언할 수 없습니다.
C:\Users\동찬\Desktop\새 폴더\Task\Framework\Reference\Headers\Engine_Struct.h(90,2): warning C5208: typedef 이름에 사용되는 명명되지 않은 클래스가 비정적 데이터 멤버, 멤버 열거형 또는 멤버 클래스 이외의 멤버를 선언할 수 없습니다.
C:\Users\동찬\Desktop\새 폴더\Task\Framework\Reference\Headers\Transform.h(17,2): warning C5208: typedef 이름에 사용되는 명명되지 않은 클래스가 비정적 데이터 멤버, 멤버 열거형 또는 멤버 클래스 이외의 멤버를 선언할 수 없습니다.
C:\Users\동찬\Desktop\새 폴더\Task\Framework\Reference\Headers\Engine_Struct.h(102,2): warning C5208: typedef 이름에 사용되는 명명되지 않은 클래스가 비정적 데이터 멤버, 멤버 열거형 또는 멤버 클래스 이외의 멤버를 선언할 수 없습니다.
C:\Users\동찬\Desktop\새 폴더\Task\Framework\Reference\Headers\Engine_Struct.h(128,2): warning C5208: typedef 이름에 사용되는 명명되지 않은 클래스가 비정적 데이터 멤버, 멤버 열거형 또는 멤버 클래스 이외의 멤버를 선언할 수 없습니다.
C:\Users\동찬\Desktop\새 폴더\Task\Framework\Reference\Headers\Engine_Struct.h(134,2): warning C5208: typedef 이름에 사용되는 명명되지 않은 클래스가 비정적 데이터 멤버, 멤버 열거형 또는 멤버 클래스 이외의 멤버를 선언할 수 없습니다.
C:\Users\동찬\Desktop\새 폴더\Task\Framework\Client\Public\Weapon.h(18,17): warning C5208: typedef 이름에 사용되는 명명되지 않은 클래스가 비정적 데이터 멤버, 멤버 열거형 또는 멤버 클래스 이외의 멤버를 선언할 수 없습니다.
C:\Users\동찬\Desktop\새 폴더\Task\Framework\Client\Private\MainApp.cpp(149,18): warning C4267: '초기화 중': 'size_t'에서 'Engine::_uint'(으)로 변환하면서 데이터가 손실될 수 있습니다.
C:\Users\동찬\Desktop\새 폴더\Task\Framework\Client\Public\BackGround.h(17,17): warning C5208: typedef 이름에 사용되는 명명되지 않은 클래스가 비정적 데이터 멤버, 멤버 열거형 또는 멤버 클래스 이외의 멤버를 선언할 수 없습니다.
C:\Users\동찬\Desktop\새 폴더\Task\Framework\Client\Private\MainApp.cpp(169,18): warning C4267: '초기화 중': 'size_t'에서 'Engine::_uint'(으)로 변환하면서 데이터가 손실될 수 있습니다.
C:\Users\동찬\Desktop\새 폴더\Task\Framework\Client\Private\Weapon.cpp(85,7): warning C4267: '인수': 'size_t'에서 'Engine::_uint'(으)로 변환하면서 데이터가 손실될 수 있습니다.
C:\Users\동찬\Desktop\새 폴더\Task\Framework\Reference\Headers\Bounding_AABB.h(10,17): warning C5208: typedef 이름에 사용되는 명명되지 않은 클래스가 비정적 데이터 멤버, 멤버 열거형 또는 멤버 클래스 이외의 멤버를 선언할 수 없습니다.
C:\Users\동찬\Desktop\새 폴더\Task\Framework\Reference\Headers\Bounding_OBB.h(18,17): warning C5208: typedef 이름에 사용되는 명명되지 않은 클래스가 비정적 데이터 멤버, 멤버 열거형 또는 멤버 클래스 이외의 멤버를 선언할 수 없습니다.
C:\Users\동찬\Desktop\새 폴더\Task\Framework\Reference\Headers\Bounding_AABB.h(10,17): warning C5208: typedef 이름에 사용되는 명명되지 않은 클래스가 비정적 데이터 멤버, 멤버 열거형 또는 멤버 클래스 이외의 멤버를 선언할 수 없습니다.
C:\Users\동찬\Desktop\새 폴더\Task\Framework\Reference\Headers\Bounding_Sphere.h(10,17): warning C5208: typedef 이름에 사용되는 명명되지 않은 클래스가 비정적 데이터 멤버, 멤버 열거형 또는 멤버 클래스 이외의 멤버를 선언할 수 없습니다.
C:\Users\동찬\Desktop\새 폴더\Task\Framework\Reference\Headers\Bounding_OBB.h(18,17): warning C5208: typedef 이름에 사용되는 명명되지 않은 클래스가 비정적 데이터 멤버, 멤버 열거형 또는 멤버 클래스 이외의 멤버를 선언할 수 없습니다.
C:\Users\동찬\Desktop\새 폴더\Task\Framework\Reference\Headers\Bounding_Sphere.h(10,17): warning C5208: typedef 이름에 사용되는 명명되지 않은 클래스가 비정적 데이터 멤버, 멤버 열거형 또는 멤버 클래스 이외의 멤버를 선언할 수 없습니다.
C:\Users\동찬\Desktop\새 폴더\Task\Framework\Reference\Headers\Bounding_AABB.h(10,17): warning C5208: typedef 이름에 사용되는 명명되지 않은 클래스가 비정적 데이터 멤버, 멤버 열거형 또는 멤버 클래스 이외의 멤버를 선언할 수 없습니다.
C:\Users\동찬\Desktop\새 폴더\Task\Framework\Reference\Headers\Bounding_AABB.h(10,17): warning C5208: typedef 이름에 사용되는 명명되지 않은 클래스가 비정적 데이터 멤버, 멤버 열거형 또는 멤버 클래스 이외의 멤버를 선언할 수 없습니다.
C:\Users\동찬\Desktop\새 폴더\Task\Framework\Reference\Headers\Bounding_OBB.h(18,17): warning C5208: typedef 이름에 사용되는 명명되지 않은 클래스가 비정적 데이터 멤버, 멤버 열거형 또는 멤버 클래스 이외의 멤버를 선언할 수 없습니다.
C:\Users\동찬\Desktop\새 폴더\Task\Framework\Reference\Headers\Bounding_OBB.h(18,17): warning C5208: typedef 이름에 사용되는 명명되지 않은 클래스가 비정적 데이터 멤버, 멤버 열거형 또는 멤버 클래스 이외의 멤버를 선언할 수 없습니다.
C:\Users\동찬\Desktop\새 폴더\Task\Framework\Reference\Headers\Bounding_Sphere.h(10,17): warning C5208: typedef 이름에 사용되는 명명되지 않은 클래스가 비정적 데이터 멤버, 멤버 열거형 또는 멤버 클래스 이외의 멤버를 선언할 수 없습니다.
C:\Users\동찬\Desktop\새 폴더\Task\Framework\Reference\Headers\Bounding_Sphere.h(10,17): warning C5208: typedef 이름에 사용되는 명명되지 않은 클래스가 비정적 데이터 멤버, 멤버 열거형 또는 멤버 클래스 이외의 멤버를 선언할 수 없습니다.
C:\Users\동찬\Desktop\새 폴더\Task\Framework\Reference\Headers\GameObject.h(12,17): warning C5208: typedef 이름에 사용되는 명명되지 않은 클래스가 비정적 데이터 멤버, 멤버 열거형 또는 멤버 클래스 이외의 멤버를 선언할 수 없습니다.
C:\Users\동찬\Desktop\새 폴더\Task\Framework\Reference\Headers\GameObject.h(12,17): warning C5208: typedef 이름에 사용되는 명명되지 않은 클래스가 비정적 데이터 멤버, 멤버 열거형 또는 멤버 클래스 이외의 멤버를 선언할 수 없습니다.
C:\Users\동찬\Desktop\새 폴더\Task\Framework\Reference\Headers\GameObject.h(12,17): warning C5208: typedef 이름에 사용되는 명명되지 않은 클래스가 비정적 데이터 멤버, 멤버 열거형 또는 멤버 클래스 이외의 멤버를 선언할 수 없습니다.
C:\Users\동찬\Desktop\새 폴더\Task\Framework\Reference\Headers\GameObject.h(12,17): warning C5208: typedef 이름에 사용되는 명명되지 않은 클래스가 비정적 데이터 멤버, 멤버 열거형 또는 멤버 클래스 이외의 멤버를 선언할 수 없습니다.
C:\Users\동찬\Desktop\새 폴더\Task\Framework\Reference\Headers\Bounding_AABB.h(10,17): warning C5208: typedef 이름에 사용되는 명명되지 않은 클래스가 비정적 데이터 멤버, 멤버 열거형 또는 멤버 클래스 이외의 멤버를 선언할 수 없습니다.
C:\Users\동찬\Desktop\새 폴더\Task\Framework\Reference\Headers\Bounding_AABB.h(10,17): warning C5208: typedef 이름에 사용되는 명명되지 않은 클래스가 비정적 데이터 멤버, 멤버 열거형 또는 멤버 클래스 이외의 멤버를 선언할 수 없습니다.
C:\Users\동찬\Desktop\새 폴더\Task\Framework\Client\Public\Body_Player.h(19,17): warning C5208: typedef 이름에 사용되는 명명되지 않은 클래스가 비정적 데이터 멤버, 멤버 열거형 또는 멤버 클래스 이외의 멤버를 선언할 수 없습니다.
C:\Users\동찬\Desktop\새 폴더\Task\Framework\Client\Public\LandObject.h(16,17): warning C5208: typedef 이름에 사용되는 명명되지 않은 클래스가 비정적 데이터 멤버, 멤버 열거형 또는 멤버 클래스 이외의 멤버를 선언할 수 없습니다.
C:\Users\동찬\Desktop\새 폴더\Task\Framework\Reference\Headers\Bounding_OBB.h(18,17): warning C5208: typedef 이름에 사용되는 명명되지 않은 클래스가 비정적 데이터 멤버, 멤버 열거형 또는 멤버 클래스 이외의 멤버를 선언할 수 없습니다.
C:\Users\동찬\Desktop\새 폴더\Task\Framework\Reference\Headers\Bounding_OBB.h(18,17): warning C5208: typedef 이름에 사용되는 명명되지 않은 클래스가 비정적 데이터 멤버, 멤버 열거형 또는 멤버 클래스 이외의 멤버를 선언할 수 없습니다.
C:\Users\동찬\Desktop\새 폴더\Task\Framework\Client\Public\LandObject.h(16,17): warning C5208: typedef 이름에 사용되는 명명되지 않은 클래스가 비정적 데이터 멤버, 멤버 열거형 또는 멤버 클래스 이외의 멤버를 선언할 수 없습니다.
C:\Users\동찬\Desktop\새 폴더\Task\Framework\Reference\Headers\Transform.h(17,2): warning C5208: typedef 이름에 사용되는 명명되지 않은 클래스가 비정적 데이터 멤버, 멤버 열거형 또는 멤버 클래스 이외의 멤버를 선언할 수 없습니다.
C:\Users\동찬\Desktop\새 폴더\Task\Framework\Reference\Headers\Bounding_Sphere.h(10,17): warning C5208: typedef 이름에 사용되는 명명되지 않은 클래스가 비정적 데이터 멤버, 멤버 열거형 또는 멤버 클래스 이외의 멤버를 선언할 수 없습니다.
C:\Users\동찬\Desktop\새 폴더\Task\Framework\Reference\Headers\Bounding_Sphere.h(10,17): warning C5208: typedef 이름에 사용되는 명명되지 않은 클래스가 비정적 데이터 멤버, 멤버 열거형 또는 멤버 클래스 이외의 멤버를 선언할 수 없습니다.
C:\Users\동찬\Desktop\새 폴더\Task\Framework\Client\Private\ForkLift.cpp(34,94): warning C4244: '인수': 'int'에서 'float'(으)로 변환하면서 데이터가 손실될 수 있습니다.
C:\Users\동찬\Desktop\새 폴더\Task\Framework\Client\Private\ForkLift.cpp(34,76): warning C4244: '인수': 'int'에서 'float'(으)로 변환하면서 데이터가 손실될 수 있습니다.
C:\Users\동찬\Desktop\새 폴더\Task\Framework\Client\Public\Sky.h(17,17): warning C5208: typedef 이름에 사용되는 명명되지 않은 클래스가 비정적 데이터 멤버, 멤버 열거형 또는 멤버 클래스 이외의 멤버를 선언할 수 없습니다.
C:\Users\동찬\Desktop\새 폴더\Task\Framework\Client\Public\BackGround.h(17,17): warning C5208: typedef 이름에 사용되는 명명되지 않은 클래스가 비정적 데이터 멤버, 멤버 열거형 또는 멤버 클래스 이외의 멤버를 선언할 수 없습니다.
C:\Users\동찬\Desktop\새 폴더\Task\Framework\Client\Private\ForkLift.cpp(64,7): warning C4267: '인수': 'size_t'에서 'Engine::_uint'(으)로 변환하면서 데이터가 손실될 수 있습니다.
C:\Users\동찬\Desktop\새 폴더\Task\Framework\Client\Private\ForkLift.cpp(67,7): warning C4267: '인수': 'size_t'에서 'Engine::_uint'(으)로 변환하면서 데이터가 손실될 수 있습니다.
C:\Users\동찬\Desktop\새 폴더\Task\Framework\Client\Private\ForkLift.cpp(73,7): warning C4267: '인수': 'size_t'에서 'Engine::_uint'(으)로 변환하면서 데이터가 손실될 수 있습니다.
C:\Users\동찬\Desktop\새 폴더\Task\Framework\Reference\Headers\GameObject.h(12,17): warning C5208: typedef 이름에 사용되는 명명되지 않은 클래스가 비정적 데이터 멤버, 멤버 열거형 또는 멤버 클래스 이외의 멤버를 선언할 수 없습니다.
C:\Users\동찬\Desktop\새 폴더\Task\Framework\Reference\Headers\GameObject.h(12,17): warning C5208: typedef 이름에 사용되는 명명되지 않은 클래스가 비정적 데이터 멤버, 멤버 열거형 또는 멤버 클래스 이외의 멤버를 선언할 수 없습니다.
C:\Users\동찬\Desktop\새 폴더\Task\Framework\Client\Public\LandObject.h(16,17): warning C5208: typedef 이름에 사용되는 명명되지 않은 클래스가 비정적 데이터 멤버, 멤버 열거형 또는 멤버 클래스 이외의 멤버를 선언할 수 없습니다.
C:\Users\동찬\Desktop\새 폴더\Task\Framework\Reference\Headers\Bounding_AABB.h(10,17): warning C5208: typedef 이름에 사용되는 명명되지 않은 클래스가 비정적 데이터 멤버, 멤버 열거형 또는 멤버 클래스 이외의 멤버를 선언할 수 없습니다.
C:\Users\동찬\Desktop\새 폴더\Task\Framework\Client\Public\LandObject.h(16,17): warning C5208: typedef 이름에 사용되는 명명되지 않은 클래스가 비정적 데이터 멤버, 멤버 열거형 또는 멤버 클래스 이외의 멤버를 선언할 수 없습니다.
C:\Users\동찬\Desktop\새 폴더\Task\Framework\Reference\Headers\Bounding_OBB.h(18,17): warning C5208: typedef 이름에 사용되는 명명되지 않은 클래스가 비정적 데이터 멤버, 멤버 열거형 또는 멤버 클래스 이외의 멤버를 선언할 수 없습니다.
C:\Users\동찬\Desktop\새 폴더\Task\Framework\Reference\Headers\Camera.h(10,18): warning C5208: typedef 이름에 사용되는 명명되지 않은 클래스가 비정적 데이터 멤버, 멤버 열거형 또는 멤버 클래스 이외의 멤버를 선언할 수 없습니다.
C:\Users\동찬\Desktop\새 폴더\Task\Framework\Reference\Headers\Bounding_Sphere.h(10,17): warning C5208: typedef 이름에 사용되는 명명되지 않은 클래스가 비정적 데이터 멤버, 멤버 열거형 또는 멤버 클래스 이외의 멤버를 선언할 수 없습니다.
C:\Users\동찬\Desktop\새 폴더\Task\Framework\Client\Public\Camera_Free.h(11,17): warning C5208: typedef 이름에 사용되는 명명되지 않은 클래스가 비정적 데이터 멤버, 멤버 열거형 또는 멤버 클래스 이외의 멤버를 선언할 수 없습니다.
C:\Users\동찬\Desktop\새 폴더\Task\Framework\Reference\Headers\Transform.h(17,2): warning C5208: typedef 이름에 사용되는 명명되지 않은 클래스가 비정적 데이터 멤버, 멤버 열거형 또는 멤버 클래스 이외의 멤버를 선언할 수 없습니다.
C:\Users\동찬\Desktop\새 폴더\Task\Framework\Client\Public\Camera_Free.h(11,17): warning C5208: typedef 이름에 사용되는 명명되지 않은 클래스가 비정적 데이터 멤버, 멤버 열거형 또는 멤버 클래스 이외의 멤버를 선언할 수 없습니다.
C:\Users\동찬\Desktop\새 폴더\Task\Framework\Client\Private\Monster.cpp(35,94): warning C4244: '인수': 'int'에서 'float'(으)로 변환하면서 데이터가 손실될 수 있습니다.
C:\Users\동찬\Desktop\새 폴더\Task\Framework\Client\Private\Monster.cpp(35,76): warning C4244: '인수': 'int'에서 'float'(으)로 변환하면서 데이터가 손실될 수 있습니다.
C:\Users\동찬\Desktop\새 폴더\Task\Framework\Reference\Headers\Bounding_AABB.h(10,17): warning C5208: typedef 이름에 사용되는 명명되지 않은 클래스가 비정적 데이터 멤버, 멤버 열거형 또는 멤버 클래스 이외의 멤버를 선언할 수 없습니다.
C:\Users\동찬\Desktop\새 폴더\Task\Framework\Client\Private\Monster.cpp(85,7): warning C4267: '인수': 'size_t'에서 'Engine::_uint'(으)로 변환하면서 데이터가 손실될 수 있습니다.
C:\Users\동찬\Desktop\새 폴더\Task\Framework\Client\Private\Monster.cpp(88,7): warning C4267: '인수': 'size_t'에서 'Engine::_uint'(으)로 변환하면서 데이터가 손실될 수 있습니다.
C:\Users\동찬\Desktop\새 폴더\Task\Framework\Reference\Headers\Bounding_OBB.h(18,17): warning C5208: typedef 이름에 사용되는 명명되지 않은 클래스가 비정적 데이터 멤버, 멤버 열거형 또는 멤버 클래스 이외의 멤버를 선언할 수 없습니다.
C:\Users\동찬\Desktop\새 폴더\Task\Framework\Client\Private\Monster.cpp(94,7): warning C4267: '인수': 'size_t'에서 'Engine::_uint'(으)로 변환하면서 데이터가 손실될 수 있습니다.
C:\Users\동찬\Desktop\새 폴더\Task\Framework\Reference\Headers\Bounding_Sphere.h(10,17): warning C5208: typedef 이름에 사용되는 명명되지 않은 클래스가 비정적 데이터 멤버, 멤버 열거형 또는 멤버 클래스 이외의 멤버를 선언할 수 없습니다.
C:\Users\동찬\Desktop\새 폴더\Task\Framework\Reference\Headers\GameObject.h(12,17): warning C5208: typedef 이름에 사용되는 명명되지 않은 클래스가 비정적 데이터 멤버, 멤버 열거형 또는 멤버 클래스 이외의 멤버를 선언할 수 없습니다.
C:\Users\동찬\Desktop\새 폴더\Task\Framework\Reference\Headers\Bounding_AABB.h(10,17): warning C5208: typedef 이름에 사용되는 명명되지 않은 클래스가 비정적 데이터 멤버, 멤버 열거형 또는 멤버 클래스 이외의 멤버를 선언할 수 없습니다.
C:\Users\동찬\Desktop\새 폴더\Task\Framework\Reference\Headers\Bounding_OBB.h(18,17): warning C5208: typedef 이름에 사용되는 명명되지 않은 클래스가 비정적 데이터 멤버, 멤버 열거형 또는 멤버 클래스 이외의 멤버를 선언할 수 없습니다.
C:\Users\동찬\Desktop\새 폴더\Task\Framework\Reference\Headers\Bounding_Sphere.h(10,17): warning C5208: typedef 이름에 사용되는 명명되지 않은 클래스가 비정적 데이터 멤버, 멤버 열거형 또는 멤버 클래스 이외의 멤버를 선언할 수 없습니다.
C:\Users\동찬\Desktop\새 폴더\Task\Framework\Reference\Headers\GameObject.h(12,17): warning C5208: typedef 이름에 사용되는 명명되지 않은 클래스가 비정적 데이터 멤버, 멤버 열거형 또는 멤버 클래스 이외의 멤버를 선언할 수 없습니다.
  Camera_Free.cpp
  LandObject.cpp
  Loader.cpp
  PartObject.cpp
  Player.cpp
  Client.cpp
C:\Users\동찬\Desktop\새 폴더\Task\Framework\Reference\Headers\Engine_Struct.h(35,2): warning C5208: typedef 이름에 사용되는 명명되지 않은 클래스가 비정적 데이터 멤버, 멤버 열거형 또는 멤버 클래스 이외의 멤버를 선언할 수 없습니다.
C:\Users\동찬\Desktop\새 폴더\Task\Framework\Reference\Headers\Engine_Struct.h(43,2): warning C5208: typedef 이름에 사용되는 명명되지 않은 클래스가 비정적 데이터 멤버, 멤버 열거형 또는 멤버 클래스 이외의 멤버를 선언할 수 없습니다.
C:\Users\동찬\Desktop\새 폴더\Task\Framework\Reference\Headers\Engine_Struct.h(53,2): warning C5208: typedef 이름에 사용되는 명명되지 않은 클래스가 비정적 데이터 멤버, 멤버 열거형 또는 멤버 클래스 이외의 멤버를 선언할 수 없습니다.
C:\Users\동찬\Desktop\새 폴더\Task\Framework\Reference\Headers\Engine_Struct.h(62,2): warning C5208: typedef 이름에 사용되는 명명되지 않은 클래스가 비정적 데이터 멤버, 멤버 열거형 또는 멤버 클래스 이외의 멤버를 선언할 수 없습니다.
C:\Users\동찬\Desktop\새 폴더\Task\Framework\Reference\Headers\Engine_Struct.h(71,2): warning C5208: typedef 이름에 사용되는 명명되지 않은 클래스가 비정적 데이터 멤버, 멤버 열거형 또는 멤버 클래스 이외의 멤버를 선언할 수 없습니다.
C:\Users\동찬\Desktop\새 폴더\Task\Framework\Reference\Headers\Engine_Struct.h(80,2): warning C5208: typedef 이름에 사용되는 명명되지 않은 클래스가 비정적 데이터 멤버, 멤버 열거형 또는 멤버 클래스 이외의 멤버를 선언할 수 없습니다.
C:\Users\동찬\Desktop\새 폴더\Task\Framework\Reference\Headers\Engine_Struct.h(90,2): warning C5208: typedef 이름에 사용되는 명명되지 않은 클래스가 비정적 데이터 멤버, 멤버 열거형 또는 멤버 클래스 이외의 멤버를 선언할 수 없습니다.
C:\Users\동찬\Desktop\새 폴더\Task\Framework\Reference\Headers\Engine_Struct.h(102,2): warning C5208: typedef 이름에 사용되는 명명되지 않은 클래스가 비정적 데이터 멤버, 멤버 열거형 또는 멤버 클래스 이외의 멤버를 선언할 수 없습니다.
C:\Users\동찬\Desktop\새 폴더\Task\Framework\Reference\Headers\Engine_Struct.h(128,2): warning C5208: typedef 이름에 사용되는 명명되지 않은 클래스가 비정적 데이터 멤버, 멤버 열거형 또는 멤버 클래스 이외의 멤버를 선언할 수 없습니다.
C:\Users\동찬\Desktop\새 폴더\Task\Framework\Reference\Headers\Engine_Struct.h(134,2): warning C5208: typedef 이름에 사용되는 명명되지 않은 클래스가 비정적 데이터 멤버, 멤버 열거형 또는 멤버 클래스 이외의 멤버를 선언할 수 없습니다.
C:\Users\동찬\Desktop\새 폴더\Task\Framework\Reference\Headers\Engine_Struct.h(35,2): warning C5208: typedef 이름에 사용되는 명명되지 않은 클래스가 비정적 데이터 멤버, 멤버 열거형 또는 멤버 클래스 이외의 멤버를 선언할 수 없습니다.
C:\Users\동찬\Desktop\새 폴더\Task\Framework\Reference\Headers\Engine_Struct.h(43,2): warning C5208: typedef 이름에 사용되는 명명되지 않은 클래스가 비정적 데이터 멤버, 멤버 열거형 또는 멤버 클래스 이외의 멤버를 선언할 수 없습니다.
C:\Users\동찬\Desktop\새 폴더\Task\Framework\Reference\Headers\Engine_Struct.h(53,2): warning C5208: typedef 이름에 사용되는 명명되지 않은 클래스가 비정적 데이터 멤버, 멤버 열거형 또는 멤버 클래스 이외의 멤버를 선언할 수 없습니다.
C:\Users\동찬\Desktop\새 폴더\Task\Framework\Reference\Headers\Engine_Struct.h(62,2): warning C5208: typedef 이름에 사용되는 명명되지 않은 클래스가 비정적 데이터 멤버, 멤버 열거형 또는 멤버 클래스 이외의 멤버를 선언할 수 없습니다.
C:\Users\동찬\Desktop\새 폴더\Task\Framework\Reference\Headers\Engine_Struct.h(71,2): warning C5208: typedef 이름에 사용되는 명명되지 않은 클래스가 비정적 데이터 멤버, 멤버 열거형 또는 멤버 클래스 이외의 멤버를 선언할 수 없습니다.
C:\Users\동찬\Desktop\새 폴더\Task\Framework\Reference\Headers\Engine_Struct.h(80,2): warning C5208: typedef 이름에 사용되는 명명되지 않은 클래스가 비정적 데이터 멤버, 멤버 열거형 또는 멤버 클래스 이외의 멤버를 선언할 수 없습니다.
C:\Users\동찬\Desktop\새 폴더\Task\Framework\Reference\Headers\Engine_Struct.h(90,2): warning C5208: typedef 이름에 사용되는 명명되지 않은 클래스가 비정적 데이터 멤버, 멤버 열거형 또는 멤버 클래스 이외의 멤버를 선언할 수 없습니다.
C:\Users\동찬\Desktop\새 폴더\Task\Framework\Reference\Headers\Engine_Struct.h(102,2): warning C5208: typedef 이름에 사용되는 명명되지 않은 클래스가 비정적 데이터 멤버, 멤버 열거형 또는 멤버 클래스 이외의 멤버를 선언할 수 없습니다.
C:\Users\동찬\Desktop\새 폴더\Task\Framework\Reference\Headers\Engine_Struct.h(128,2): warning C5208: typedef 이름에 사용되는 명명되지 않은 클래스가 비정적 데이터 멤버, 멤버 열거형 또는 멤버 클래스 이외의 멤버를 선언할 수 없습니다.
C:\Users\동찬\Desktop\새 폴더\Task\Framework\Reference\Headers\Engine_Struct.h(134,2): warning C5208: typedef 이름에 사용되는 명명되지 않은 클래스가 비정적 데이터 멤버, 멤버 열거형 또는 멤버 클래스 이외의 멤버를 선언할 수 없습니다.
C:\Users\동찬\Desktop\새 폴더\Task\Framework\Reference\Headers\Engine_Struct.h(35,2): warning C5208: typedef 이름에 사용되는 명명되지 않은 클래스가 비정적 데이터 멤버, 멤버 열거형 또는 멤버 클래스 이외의 멤버를 선언할 수 없습니다.
C:\Users\동찬\Desktop\새 폴더\Task\Framework\Reference\Headers\Transform.h(17,2): warning C5208: typedef 이름에 사용되는 명명되지 않은 클래스가 비정적 데이터 멤버, 멤버 열거형 또는 멤버 클래스 이외의 멤버를 선언할 수 없습니다.
C:\Users\동찬\Desktop\새 폴더\Task\Framework\Reference\Headers\Engine_Struct.h(43,2): warning C5208: typedef 이름에 사용되는 명명되지 않은 클래스가 비정적 데이터 멤버, 멤버 열거형 또는 멤버 클래스 이외의 멤버를 선언할 수 없습니다.
C:\Users\동찬\Desktop\새 폴더\Task\Framework\Reference\Headers\Engine_Struct.h(53,2): warning C5208: typedef 이름에 사용되는 명명되지 않은 클래스가 비정적 데이터 멤버, 멤버 열거형 또는 멤버 클래스 이외의 멤버를 선언할 수 없습니다.
C:\Users\동찬\Desktop\새 폴더\Task\Framework\Reference\Headers\Engine_Struct.h(62,2): warning C5208: typedef 이름에 사용되는 명명되지 않은 클래스가 비정적 데이터 멤버, 멤버 열거형 또는 멤버 클래스 이외의 멤버를 선언할 수 없습니다.
C:\Users\동찬\Desktop\새 폴더\Task\Framework\Reference\Headers\Engine_Struct.h(71,2): warning C5208: typedef 이름에 사용되는 명명되지 않은 클래스가 비정적 데이터 멤버, 멤버 열거형 또는 멤버 클래스 이외의 멤버를 선언할 수 없습니다.
C:\Users\동찬\Desktop\새 폴더\Task\Framework\Reference\Headers\Engine_Struct.h(80,2): warning C5208: typedef 이름에 사용되는 명명되지 않은 클래스가 비정적 데이터 멤버, 멤버 열거형 또는 멤버 클래스 이외의 멤버를 선언할 수 없습니다.
C:\Users\동찬\Desktop\새 폴더\Task\Framework\Reference\Headers\Engine_Struct.h(90,2): warning C5208: typedef 이름에 사용되는 명명되지 않은 클래스가 비정적 데이터 멤버, 멤버 열거형 또는 멤버 클래스 이외의 멤버를 선언할 수 없습니다.
C:\Users\동찬\Desktop\새 폴더\Task\Framework\Reference\Headers\Engine_Struct.h(102,2): warning C5208: typedef 이름에 사용되는 명명되지 않은 클래스가 비정적 데이터 멤버, 멤버 열거형 또는 멤버 클래스 이외의 멤버를 선언할 수 없습니다.
C:\Users\동찬\Desktop\새 폴더\Task\Framework\Reference\Headers\Engine_Struct.h(35,2): warning C5208: typedef 이름에 사용되는 명명되지 않은 클래스가 비정적 데이터 멤버, 멤버 열거형 또는 멤버 클래스 이외의 멤버를 선언할 수 없습니다.
C:\Users\동찬\Desktop\새 폴더\Task\Framework\Reference\Headers\Engine_Struct.h(43,2): warning C5208: typedef 이름에 사용되는 명명되지 않은 클래스가 비정적 데이터 멤버, 멤버 열거형 또는 멤버 클래스 이외의 멤버를 선언할 수 없습니다.
C:\Users\동찬\Desktop\새 폴더\Task\Framework\Reference\Headers\Engine_Struct.h(128,2): warning C5208: typedef 이름에 사용되는 명명되지 않은 클래스가 비정적 데이터 멤버, 멤버 열거형 또는 멤버 클래스 이외의 멤버를 선언할 수 없습니다.
C:\Users\동찬\Desktop\새 폴더\Task\Framework\Reference\Headers\Engine_Struct.h(53,2): warning C5208: typedef 이름에 사용되는 명명되지 않은 클래스가 비정적 데이터 멤버, 멤버 열거형 또는 멤버 클래스 이외의 멤버를 선언할 수 없습니다.
C:\Users\동찬\Desktop\새 폴더\Task\Framework\Reference\Headers\Engine_Struct.h(134,2): warning C5208: typedef 이름에 사용되는 명명되지 않은 클래스가 비정적 데이터 멤버, 멤버 열거형 또는 멤버 클래스 이외의 멤버를 선언할 수 없습니다.
C:\Users\동찬\Desktop\새 폴더\Task\Framework\Reference\Headers\Engine_Struct.h(62,2): warning C5208: typedef 이름에 사용되는 명명되지 않은 클래스가 비정적 데이터 멤버, 멤버 열거형 또는 멤버 클래스 이외의 멤버를 선언할 수 없습니다.
C:\Users\동찬\Desktop\새 폴더\Task\Framework\Reference\Headers\Engine_Struct.h(71,2): warning C5208: typedef 이름에 사용되는 명명되지 않은 클래스가 비정적 데이터 멤버, 멤버 열거형 또는 멤버 클래스 이외의 멤버를 선언할 수 없습니다.
C:\Users\동찬\Desktop\새 폴더\Task\Framework\Reference\Headers\Engine_Struct.h(80,2): warning C5208: typedef 이름에 사용되는 명명되지 않은 클래스가 비정적 데이터 멤버, 멤버 열거형 또는 멤버 클래스 이외의 멤버를 선언할 수 없습니다.
C:\Users\동찬\Desktop\새 폴더\Task\Framework\Reference\Headers\Engine_Struct.h(90,2): warning C5208: typedef 이름에 사용되는 명명되지 않은 클래스가 비정적 데이터 멤버, 멤버 열거형 또는 멤버 클래스 이외의 멤버를 선언할 수 없습니다.
C:\Users\동찬\Desktop\새 폴더\Task\Framework\Reference\Headers\Engine_Struct.h(102,2): warning C5208: typedef 이름에 사용되는 명명되지 않은 클래스가 비정적 데이터 멤버, 멤버 열거형 또는 멤버 클래스 이외의 멤버를 선언할 수 없습니다.
C:\Users\동찬\Desktop\새 폴더\Task\Framework\Reference\Headers\Engine_Struct.h(128,2): warning C5208: typedef 이름에 사용되는 명명되지 않은 클래스가 비정적 데이터 멤버, 멤버 열거형 또는 멤버 클래스 이외의 멤버를 선언할 수 없습니다.
C:\Users\동찬\Desktop\새 폴더\Task\Framework\Reference\Headers\Engine_Struct.h(134,2): warning C5208: typedef 이름에 사용되는 명명되지 않은 클래스가 비정적 데이터 멤버, 멤버 열거형 또는 멤버 클래스 이외의 멤버를 선언할 수 없습니다.
C:\Users\동찬\Desktop\새 폴더\Task\Framework\Reference\Headers\Transform.h(17,2): warning C5208: typedef 이름에 사용되는 명명되지 않은 클래스가 비정적 데이터 멤버, 멤버 열거형 또는 멤버 클래스 이외의 멤버를 선언할 수 없습니다.
C:\Users\동찬\Desktop\새 폴더\Task\Framework\Reference\Headers\Bounding_AABB.h(10,17): warning C5208: typedef 이름에 사용되는 명명되지 않은 클래스가 비정적 데이터 멤버, 멤버 열거형 또는 멤버 클래스 이외의 멤버를 선언할 수 없습니다.
C:\Users\동찬\Desktop\새 폴더\Task\Framework\Reference\Headers\Bounding_OBB.h(18,17): warning C5208: typedef 이름에 사용되는 명명되지 않은 클래스가 비정적 데이터 멤버, 멤버 열거형 또는 멤버 클래스 이외의 멤버를 선언할 수 없습니다.
C:\Users\동찬\Desktop\새 폴더\Task\Framework\Reference\Headers\Bounding_Sphere.h(10,17): warning C5208: typedef 이름에 사용되는 명명되지 않은 클래스가 비정적 데이터 멤버, 멤버 열거형 또는 멤버 클래스 이외의 멤버를 선언할 수 없습니다.
C:\Users\동찬\Desktop\새 폴더\Task\Framework\Reference\Headers\GameObject.h(12,17): warning C5208: typedef 이름에 사용되는 명명되지 않은 클래스가 비정적 데이터 멤버, 멤버 열거형 또는 멤버 클래스 이외의 멤버를 선언할 수 없습니다.
C:\Users\동찬\Desktop\새 폴더\Task\Framework\Client\Public\LandObject.h(16,17): warning C5208: typedef 이름에 사용되는 명명되지 않은 클래스가 비정적 데이터 멤버, 멤버 열거형 또는 멤버 클래스 이외의 멤버를 선언할 수 없습니다.
C:\Users\동찬\Desktop\새 폴더\Task\Framework\Reference\Headers\Bounding_AABB.h(10,17): warning C5208: typedef 이름에 사용되는 명명되지 않은 클래스가 비정적 데이터 멤버, 멤버 열거형 또는 멤버 클래스 이외의 멤버를 선언할 수 없습니다.
C:\Users\동찬\Desktop\새 폴더\Task\Framework\Reference\Headers\Bounding_OBB.h(18,17): warning C5208: typedef 이름에 사용되는 명명되지 않은 클래스가 비정적 데이터 멤버, 멤버 열거형 또는 멤버 클래스 이외의 멤버를 선언할 수 없습니다.
C:\Users\동찬\Desktop\새 폴더\Task\Framework\Reference\Headers\Bounding_Sphere.h(10,17): warning C5208: typedef 이름에 사용되는 명명되지 않은 클래스가 비정적 데이터 멤버, 멤버 열거형 또는 멤버 클래스 이외의 멤버를 선언할 수 없습니다.
C:\Users\동찬\Desktop\새 폴더\Task\Framework\Reference\Headers\GameObject.h(12,17): warning C5208: typedef 이름에 사용되는 명명되지 않은 클래스가 비정적 데이터 멤버, 멤버 열거형 또는 멤버 클래스 이외의 멤버를 선언할 수 없습니다.
C:\Users\동찬\Desktop\새 폴더\Task\Framework\Reference\Headers\Transform.h(17,2): warning C5208: typedef 이름에 사용되는 명명되지 않은 클래스가 비정적 데이터 멤버, 멤버 열거형 또는 멤버 클래스 이외의 멤버를 선언할 수 없습니다.
C:\Users\동찬\Desktop\새 폴더\Task\Framework\Client\Public\Body_Player.h(19,17): warning C5208: typedef 이름에 사용되는 명명되지 않은 클래스가 비정적 데이터 멤버, 멤버 열거형 또는 멤버 클래스 이외의 멤버를 선언할 수 없습니다.
C:\Users\동찬\Desktop\새 폴더\Task\Framework\Client\Public\Weapon.h(18,17): warning C5208: typedef 이름에 사용되는 명명되지 않은 클래스가 비정적 데이터 멤버, 멤버 열거형 또는 멤버 클래스 이외의 멤버를 선언할 수 없습니다.
C:\Users\동찬\Desktop\새 폴더\Task\Framework\Reference\Headers\Engine_Struct.h(35,2): warning C5208: typedef 이름에 사용되는 명명되지 않은 클래스가 비정적 데이터 멤버, 멤버 열거형 또는 멤버 클래스 이외의 멤버를 선언할 수 없습니다.
C:\Users\동찬\Desktop\새 폴더\Task\Framework\Reference\Headers\Engine_Struct.h(43,2): warning C5208: typedef 이름에 사용되는 명명되지 않은 클래스가 비정적 데이터 멤버, 멤버 열거형 또는 멤버 클래스 이외의 멤버를 선언할 수 없습니다.
C:\Users\동찬\Desktop\새 폴더\Task\Framework\Reference\Headers\Engine_Struct.h(53,2): warning C5208: typedef 이름에 사용되는 명명되지 않은 클래스가 비정적 데이터 멤버, 멤버 열거형 또는 멤버 클래스 이외의 멤버를 선언할 수 없습니다.
C:\Users\동찬\Desktop\새 폴더\Task\Framework\Reference\Headers\Engine_Struct.h(62,2): warning C5208: typedef 이름에 사용되는 명명되지 않은 클래스가 비정적 데이터 멤버, 멤버 열거형 또는 멤버 클래스 이외의 멤버를 선언할 수 없습니다.
C:\Users\동찬\Desktop\새 폴더\Task\Framework\Reference\Headers\Engine_Struct.h(71,2): warning C5208: typedef 이름에 사용되는 명명되지 않은 클래스가 비정적 데이터 멤버, 멤버 열거형 또는 멤버 클래스 이외의 멤버를 선언할 수 없습니다.
C:\Users\동찬\Desktop\새 폴더\Task\Framework\Reference\Headers\Engine_Struct.h(80,2): warning C5208: typedef 이름에 사용되는 명명되지 않은 클래스가 비정적 데이터 멤버, 멤버 열거형 또는 멤버 클래스 이외의 멤버를 선언할 수 없습니다.
C:\Users\동찬\Desktop\새 폴더\Task\Framework\Reference\Headers\Engine_Struct.h(90,2): warning C5208: typedef 이름에 사용되는 명명되지 않은 클래스가 비정적 데이터 멤버, 멤버 열거형 또는 멤버 클래스 이외의 멤버를 선언할 수 없습니다.
C:\Users\동찬\Desktop\새 폴더\Task\Framework\Reference\Headers\Engine_Struct.h(102,2): warning C5208: typedef 이름에 사용되는 명명되지 않은 클래스가 비정적 데이터 멤버, 멤버 열거형 또는 멤버 클래스 이외의 멤버를 선언할 수 없습니다.
C:\Users\동찬\Desktop\새 폴더\Task\Framework\Reference\Headers\Engine_Struct.h(128,2): warning C5208: typedef 이름에 사용되는 명명되지 않은 클래스가 비정적 데이터 멤버, 멤버 열거형 또는 멤버 클래스 이외의 멤버를 선언할 수 없습니다.
C:\Users\동찬\Desktop\새 폴더\Task\Framework\Reference\Headers\Engine_Struct.h(134,2): warning C5208: typedef 이름에 사용되는 명명되지 않은 클래스가 비정적 데이터 멤버, 멤버 열거형 또는 멤버 클래스 이외의 멤버를 선언할 수 없습니다.
C:\Users\동찬\Desktop\새 폴더\Task\Framework\Reference\Headers\Transform.h(17,2): warning C5208: typedef 이름에 사용되는 명명되지 않은 클래스가 비정적 데이터 멤버, 멤버 열거형 또는 멤버 클래스 이외의 멤버를 선언할 수 없습니다.
C:\Users\동찬\Desktop\새 폴더\Task\Framework\Client\Public\Body_Player.h(19,17): warning C5208: typedef 이름에 사용되는 명명되지 않은 클래스가 비정적 데이터 멤버, 멤버 열거형 또는 멤버 클래스 이외의 멤버를 선언할 수 없습니다.
C:\Users\동찬\Desktop\새 폴더\Task\Framework\Reference\Headers\Camera.h(10,18): warning C5208: typedef 이름에 사용되는 명명되지 않은 클래스가 비정적 데이터 멤버, 멤버 열거형 또는 멤버 클래스 이외의 멤버를 선언할 수 없습니다.
C:\Users\동찬\Desktop\새 폴더\Task\Framework\Client\Public\Camera_Free.h(11,17): warning C5208: typedef 이름에 사용되는 명명되지 않은 클래스가 비정적 데이터 멤버, 멤버 열거형 또는 멤버 클래스 이외의 멤버를 선언할 수 없습니다.
C:\Users\동찬\Desktop\새 폴더\Task\Framework\Client\Public\BackGround.h(17,17): warning C5208: typedef 이름에 사용되는 명명되지 않은 클래스가 비정적 데이터 멤버, 멤버 열거형 또는 멤버 클래스 이외의 멤버를 선언할 수 없습니다.
C:\Users\동찬\Desktop\새 폴더\Task\Framework\Client\Public\LandObject.h(16,17): warning C5208: typedef 이름에 사용되는 명명되지 않은 클래스가 비정적 데이터 멤버, 멤버 열거형 또는 멤버 클래스 이외의 멤버를 선언할 수 없습니다.
C:\Users\동찬\Desktop\새 폴더\Task\Framework\Reference\Headers\Bounding_AABB.h(10,17): warning C5208: typedef 이름에 사용되는 명명되지 않은 클래스가 비정적 데이터 멤버, 멤버 열거형 또는 멤버 클래스 이외의 멤버를 선언할 수 없습니다.
C:\Users\동찬\Desktop\새 폴더\Task\Framework\Reference\Headers\Bounding_OBB.h(18,17): warning C5208: typedef 이름에 사용되는 명명되지 않은 클래스가 비정적 데이터 멤버, 멤버 열거형 또는 멤버 클래스 이외의 멤버를 선언할 수 없습니다.
C:\Users\동찬\Desktop\새 폴더\Task\Framework\Reference\Headers\Bounding_Sphere.h(10,17): warning C5208: typedef 이름에 사용되는 명명되지 않은 클래스가 비정적 데이터 멤버, 멤버 열거형 또는 멤버 클래스 이외의 멤버를 선언할 수 없습니다.
C:\Users\동찬\Desktop\새 폴더\Task\Framework\Reference\Headers\Engine_Struct.h(35,2): warning C5208: typedef 이름에 사용되는 명명되지 않은 클래스가 비정적 데이터 멤버, 멤버 열거형 또는 멤버 클래스 이외의 멤버를 선언할 수 없습니다.
C:\Users\동찬\Desktop\새 폴더\Task\Framework\Reference\Headers\Engine_Struct.h(43,2): warning C5208: typedef 이름에 사용되는 명명되지 않은 클래스가 비정적 데이터 멤버, 멤버 열거형 또는 멤버 클래스 이외의 멤버를 선언할 수 없습니다.
C:\Users\동찬\Desktop\새 폴더\Task\Framework\Reference\Headers\Engine_Struct.h(53,2): warning C5208: typedef 이름에 사용되는 명명되지 않은 클래스가 비정적 데이터 멤버, 멤버 열거형 또는 멤버 클래스 이외의 멤버를 선언할 수 없습니다.
C:\Users\동찬\Desktop\새 폴더\Task\Framework\Reference\Headers\Engine_Struct.h(62,2): warning C5208: typedef 이름에 사용되는 명명되지 않은 클래스가 비정적 데이터 멤버, 멤버 열거형 또는 멤버 클래스 이외의 멤버를 선언할 수 없습니다.
C:\Users\동찬\Desktop\새 폴더\Task\Framework\Reference\Headers\Engine_Struct.h(71,2): warning C5208: typedef 이름에 사용되는 명명되지 않은 클래스가 비정적 데이터 멤버, 멤버 열거형 또는 멤버 클래스 이외의 멤버를 선언할 수 없습니다.
C:\Users\동찬\Desktop\새 폴더\Task\Framework\Reference\Headers\Engine_Struct.h(80,2): warning C5208: typedef 이름에 사용되는 명명되지 않은 클래스가 비정적 데이터 멤버, 멤버 열거형 또는 멤버 클래스 이외의 멤버를 선언할 수 없습니다.
C:\Users\동찬\Desktop\새 폴더\Task\Framework\Reference\Headers\Engine_Struct.h(90,2): warning C5208: typedef 이름에 사용되는 명명되지 않은 클래스가 비정적 데이터 멤버, 멤버 열거형 또는 멤버 클래스 이외의 멤버를 선언할 수 없습니다.
C:\Users\동찬\Desktop\새 폴더\Task\Framework\Reference\Headers\Engine_Struct.h(102,2): warning C5208: typedef 이름에 사용되는 명명되지 않은 클래스가 비정적 데이터 멤버, 멤버 열거형 또는 멤버 클래스 이외의 멤버를 선언할 수 없습니다.
C:\Users\동찬\Desktop\새 폴더\Task\Framework\Reference\Headers\GameObject.h(12,17): warning C5208: typedef 이름에 사용되는 명명되지 않은 클래스가 비정적 데이터 멤버, 멤버 열거형 또는 멤버 클래스 이외의 멤버를 선언할 수 없습니다.
C:\Users\동찬\Desktop\새 폴더\Task\Framework\Reference\Headers\Engine_Struct.h(128,2): warning C5208: typedef 이름에 사용되는 명명되지 않은 클래스가 비정적 데이터 멤버, 멤버 열거형 또는 멤버 클래스 이외의 멤버를 선언할 수 없습니다.
C:\Users\동찬\Desktop\새 폴더\Task\Framework\Reference\Headers\Engine_Struct.h(134,2): warning C5208: typedef 이름에 사용되는 명명되지 않은 클래스가 비정적 데이터 멤버, 멤버 열거형 또는 멤버 클래스 이외의 멤버를 선언할 수 없습니다.
C:\Users\동찬\Desktop\새 폴더\Task\Framework\Client\Public\Weapon.h(18,17): warning C5208: typedef 이름에 사용되는 명명되지 않은 클래스가 비정적 데이터 멤버, 멤버 열거형 또는 멤버 클래스 이외의 멤버를 선언할 수 없습니다.
C:\Users\동찬\Desktop\새 폴더\Task\Framework\Client\Public\Sky.h(17,17): warning C5208: typedef 이름에 사용되는 명명되지 않은 클래스가 비정적 데이터 멤버, 멤버 열거형 또는 멤버 클래스 이외의 멤버를 선언할 수 없습니다.
C:\Users\동찬\Desktop\새 폴더\Task\Framework\Reference\Headers\Bounding_AABB.h(10,17): warning C5208: typedef 이름에 사용되는 명명되지 않은 클래스가 비정적 데이터 멤버, 멤버 열거형 또는 멤버 클래스 이외의 멤버를 선언할 수 없습니다.
C:\Users\동찬\Desktop\새 폴더\Task\Framework\Reference\Headers\Camera.h(10,18): warning C5208: typedef 이름에 사용되는 명명되지 않은 클래스가 비정적 데이터 멤버, 멤버 열거형 또는 멤버 클래스 이외의 멤버를 선언할 수 없습니다.
C:\Users\동찬\Desktop\새 폴더\Task\Framework\Reference\Headers\Bounding_OBB.h(18,17): warning C5208: typedef 이름에 사용되는 명명되지 않은 클래스가 비정적 데이터 멤버, 멤버 열거형 또는 멤버 클래스 이외의 멤버를 선언할 수 없습니다.
C:\Users\동찬\Desktop\새 폴더\Task\Framework\Client\Public\Camera_Free.h(11,17): warning C5208: typedef 이름에 사용되는 명명되지 않은 클래스가 비정적 데이터 멤버, 멤버 열거형 또는 멤버 클래스 이외의 멤버를 선언할 수 없습니다.
C:\Users\동찬\Desktop\새 폴더\Task\Framework\Reference\Headers\Bounding_Sphere.h(10,17): warning C5208: typedef 이름에 사용되는 명명되지 않은 클래스가 비정적 데이터 멤버, 멤버 열거형 또는 멤버 클래스 이외의 멤버를 선언할 수 없습니다.
C:\Users\동찬\Desktop\새 폴더\Task\Framework\Reference\Headers\Transform.h(17,2): warning C5208: typedef 이름에 사용되는 명명되지 않은 클래스가 비정적 데이터 멤버, 멤버 열거형 또는 멤버 클래스 이외의 멤버를 선언할 수 없습니다.
C:\Users\동찬\Desktop\새 폴더\Task\Framework\Reference\Headers\Transform.h(17,2): warning C5208: typedef 이름에 사용되는 명명되지 않은 클래스가 비정적 데이터 멤버, 멤버 열거형 또는 멤버 클래스 이외의 멤버를 선언할 수 없습니다.
C:\Users\동찬\Desktop\새 폴더\Task\Framework\Reference\Headers\Bounding_AABB.h(10,17): warning C5208: typedef 이름에 사용되는 명명되지 않은 클래스가 비정적 데이터 멤버, 멤버 열거형 또는 멤버 클래스 이외의 멤버를 선언할 수 없습니다.
C:\Users\동찬\Desktop\새 폴더\Task\Framework\Reference\Headers\Bounding_OBB.h(18,17): warning C5208: typedef 이름에 사용되는 명명되지 않은 클래스가 비정적 데이터 멤버, 멤버 열거형 또는 멤버 클래스 이외의 멤버를 선언할 수 없습니다.
C:\Users\동찬\Desktop\새 폴더\Task\Framework\Reference\Headers\Bounding_Sphere.h(10,17): warning C5208: typedef 이름에 사용되는 명명되지 않은 클래스가 비정적 데이터 멤버, 멤버 열거형 또는 멤버 클래스 이외의 멤버를 선언할 수 없습니다.
C:\Users\동찬\Desktop\새 폴더\Task\Framework\Reference\Headers\GameObject.h(12,17): warning C5208: typedef 이름에 사용되는 명명되지 않은 클래스가 비정적 데이터 멤버, 멤버 열거형 또는 멤버 클래스 이외의 멤버를 선언할 수 없습니다.
C:\Users\동찬\Desktop\새 폴더\Task\Framework\Client\Public\LandObject.h(16,17): warning C5208: typedef 이름에 사용되는 명명되지 않은 클래스가 비정적 데이터 멤버, 멤버 열거형 또는 멤버 클래스 이외의 멤버를 선언할 수 없습니다.
C:\Users\동찬\Desktop\새 폴더\Task\Framework\Reference\Headers\Bounding_AABB.h(10,17): warning C5208: typedef 이름에 사용되는 명명되지 않은 클래스가 비정적 데이터 멤버, 멤버 열거형 또는 멤버 클래스 이외의 멤버를 선언할 수 없습니다.
C:\Users\동찬\Desktop\새 폴더\Task\Framework\Reference\Headers\Bounding_OBB.h(18,17): warning C5208: typedef 이름에 사용되는 명명되지 않은 클래스가 비정적 데이터 멤버, 멤버 열거형 또는 멤버 클래스 이외의 멤버를 선언할 수 없습니다.
C:\Users\동찬\Desktop\새 폴더\Task\Framework\Reference\Headers\Bounding_Sphere.h(10,17): warning C5208: typedef 이름에 사용되는 명명되지 않은 클래스가 비정적 데이터 멤버, 멤버 열거형 또는 멤버 클래스 이외의 멤버를 선언할 수 없습니다.
C:\Users\동찬\Desktop\새 폴더\Task\Framework\Reference\Headers\GameObject.h(12,17): warning C5208: typedef 이름에 사용되는 명명되지 않은 클래스가 비정적 데이터 멤버, 멤버 열거형 또는 멤버 클래스 이외의 멤버를 선언할 수 없습니다.
DirectXTKd.lib(ScreenGrab.obj) : warning LNK4099: '' PDB를 'DirectXTKd.lib(ScreenGrab.obj)' 또는 ''에서 찾을 수 없습니다. 디버그 정보가 없는 것처럼 개체를 링크합니다.
DirectXTKd.lib(WICTextureLoader.obj) : warning LNK4099: '' PDB를 'DirectXTKd.lib(WICTextureLoader.obj)' 또는 ''에서 찾을 수 없습니다. 디버그 정보가 없는 것처럼 개체를 링크합니다.
DirectXTKd.lib(pch.obj) : warning LNK4099: '' PDB를 'DirectXTKd.lib(pch.obj)' 또는 ''에서 찾을 수 없습니다. 디버그 정보가 없는 것처럼 개체를 링크합니다.
  Client.vcxproj -> C:\Users\동찬\Desktop\새 폴더\Task\Framework\Client\Bin\Client.exe
