c:\users\dhqks6\desktop\task_project\task\framework\client\default\x64\debug\client.pch
c:\users\dhqks6\desktop\task_project\task\framework\client\default\x64\debug\vc142.pdb
c:\users\dhqks6\desktop\task_project\task\framework\client\default\x64\debug\vc142.idb
c:\users\dhqks6\desktop\task_project\task\framework\client\default\x64\debug\stdafx.obj
c:\users\dhqks6\desktop\task_project\task\framework\client\default\x64\debug\loader.obj
c:\users\dhqks6\desktop\task_project\task\framework\client\default\x64\debug\level_gameplay.obj
c:\users\dhqks6\desktop\task_project\task\framework\client\default\x64\debug\level_loading.obj
c:\users\dhqks6\desktop\task_project\task\framework\client\default\x64\debug\weapon.obj
c:\users\dhqks6\desktop\task_project\task\framework\client\default\x64\debug\level_logo.obj
c:\users\dhqks6\desktop\task_project\task\framework\client\default\x64\debug\mainapp.obj
c:\users\dhqks6\desktop\task_project\task\framework\client\default\x64\debug\player.obj
c:\users\dhqks6\desktop\task_project\task\framework\client\default\x64\debug\body_player.obj
c:\users\dhqks6\desktop\task_project\task\framework\client\default\x64\debug\partobject.obj
c:\users\dhqks6\desktop\task_project\task\framework\client\default\x64\debug\forklift.obj
c:\users\dhqks6\desktop\task_project\task\framework\client\default\x64\debug\client.obj
c:\users\dhqks6\desktop\task_project\task\framework\client\default\x64\debug\background.obj
c:\users\dhqks6\desktop\task_project\task\framework\client\default\x64\debug\camera_free.obj
c:\users\dhqks6\desktop\task_project\task\framework\client\default\x64\debug\particle_rect.obj
c:\users\dhqks6\desktop\task_project\task\framework\client\default\x64\debug\particle_point.obj
c:\users\dhqks6\desktop\task_project\task\framework\client\default\x64\debug\monster.obj
c:\users\dhqks6\desktop\task_project\task\framework\client\default\x64\debug\terrain.obj
c:\users\dhqks6\desktop\task_project\task\framework\client\default\x64\debug\landobject.obj
c:\users\dhqks6\desktop\task_project\task\framework\client\default\x64\debug\sky.obj
c:\users\dhqks6\desktop\task_project\task\framework\client\default\x64\debug\camera_thirdperson.obj
d:\정의훈\140\framework\client\bin\shader_vtxanimmesh.cso
d:\정의훈\140\framework\client\bin\shader_vtxcube.cso
d:\정의훈\140\framework\client\bin\shader_vtxmesh.cso
d:\정의훈\140\framework\client\bin\shader_vtxpointinstance.cso
d:\정의훈\140\framework\client\bin\shader_vtxpostex.cso
d:\정의훈\140\framework\client\bin\shader_vtxnortex.cso
d:\정의훈\140\framework\client\bin\shader_vtxrectinstance.cso
c:\users\dhqks6\desktop\task_project\task\framework\client\bin\client.ipdb
c:\users\dhqks6\desktop\task_project\task\framework\client\bin\client.iobj
c:\users\dhqks6\desktop\task_project\task\framework\client\bin\shader_vtxanimmesh.cso
c:\users\dhqks6\desktop\task_project\task\framework\client\bin\shader_vtxcube.cso
c:\users\dhqks6\desktop\task_project\task\framework\client\bin\shader_vtxmesh.cso
c:\users\dhqks6\desktop\task_project\task\framework\client\bin\shader_vtxpointinstance.cso
c:\users\dhqks6\desktop\task_project\task\framework\client\bin\shader_vtxnortex.cso
c:\users\dhqks6\desktop\task_project\task\framework\client\bin\shader_vtxrectinstance.cso
c:\users\dhqks6\desktop\task_project\task\framework\client\bin\shader_vtxpostex.cso
c:\users\dhqks6\desktop\task_project\task\framework\client\bin\client.exe
c:\users\dhqks6\desktop\task_project\task\framework\client\default\x64\debug\client.ilk
c:\users\dhqks6\desktop\task_project\task\framework\client\bin\client.pdb
c:\users\dhqks6\desktop\task_project\task\framework\client\default\x64\debug\client.res
c:\users\dhqks6\desktop\task_project\task\framework\client\default\x64\debug\vc140.idb
c:\users\dhqks6\desktop\task_project\task\framework\client\default\x64\debug\vc140.pdb
c:\users\dhqks6\desktop\task_project\task\framework\client\default\x64\debug\client.tlog\cl.command.1.tlog
c:\users\dhqks6\desktop\task_project\task\framework\client\default\x64\debug\client.tlog\cl.read.1.tlog
c:\users\dhqks6\desktop\task_project\task\framework\client\default\x64\debug\client.tlog\cl.write.1.tlog
c:\users\dhqks6\desktop\task_project\task\framework\client\default\x64\debug\client.tlog\client.write.1u.tlog
c:\users\dhqks6\desktop\task_project\task\framework\client\default\x64\debug\client.tlog\fxc.command.1.tlog
c:\users\dhqks6\desktop\task_project\task\framework\client\default\x64\debug\client.tlog\fxc.read.1.tlog
c:\users\dhqks6\desktop\task_project\task\framework\client\default\x64\debug\client.tlog\fxc.write.1.tlog
c:\users\dhqks6\desktop\task_project\task\framework\client\default\x64\debug\client.tlog\link.command.1.tlog
c:\users\dhqks6\desktop\task_project\task\framework\client\default\x64\debug\client.tlog\link.read.1.tlog
c:\users\dhqks6\desktop\task_project\task\framework\client\default\x64\debug\client.tlog\link.write.1.tlog
c:\users\dhqks6\desktop\task_project\task\framework\client\default\x64\debug\client.tlog\rc.command.1.tlog
c:\users\dhqks6\desktop\task_project\task\framework\client\default\x64\debug\client.tlog\rc.read.1.tlog
c:\users\dhqks6\desktop\task_project\task\framework\client\default\x64\debug\client.tlog\rc.write.1.tlog
